{"meta": {"format": 3, "version": "7.10.6", "timestamp": "2025-12-07T21:09:19.648956", "branch_coverage": false, "show_contexts": false}, "files": {"src/huskycat/__init__.py": {"executed_lines": [1, 5, 6, 7, 9], "summary": {"covered_lines": 4, "num_statements": 4, "percent_covered": 100.0, "percent_covered_display": "100", "missing_lines": 0, "excluded_lines": 0}, "missing_lines": [], "excluded_lines": [], "functions": {"": {"executed_lines": [1, 5, 6, 7, 9], "summary": {"covered_lines": 4, "num_statements": 4, "percent_covered": 100.0, "percent_covered_display": "100", "missing_lines": 0, "excluded_lines": 0}, "missing_lines": [], "excluded_lines": []}}, "classes": {"": {"executed_lines": [1, 5, 6, 7, 9], "summary": {"covered_lines": 4, "num_statements": 4, "percent_covered": 100.0, "percent_covered_display": "100", "missing_lines": 0, "excluded_lines": 0}, "missing_lines": [], "excluded_lines": []}}}, "src/huskycat/__main__.py": {"executed_lines": [1, 12, 13, 14, 16, 17, 18, 26, 28, 32, 33, 36, 39, 44, 48, 51, 52, 55, 58, 64, 67, 72, 80, 83, 86, 89, 95, 102, 105, 108, 116, 119, 124, 127, 130, 137, 140, 143, 146, 149, 155, 161, 167, 173, 181, 186, 189, 197, 200, 203, 207, 210, 213, 214, 216, 217, 263, 351], "summary": {"covered_lines": 57, "num_statements": 120, "percent_covered": 47.5, "percent_covered_display": "48", "missing_lines": 63, "excluded_lines": 0}, "missing_lines": [219, 220, 221, 224, 225, 226, 228, 229, 232, 233, 234, 237, 244, 245, 246, 247, 248, 249, 252, 255, 258, 259, 260, 270, 271, 273, 276, 282, 283, 284, 294, 297, 299, 309, 312, 313, 314, 315, 316, 319, 320, 321, 322, 323, 325, 327, 328, 329, 330, 332, 334, 335, 336, 337, 338, 340, 342, 343, 344, 345, 346, 348, 352], "excluded_lines": [], "functions": {"create_parser": {"executed_lines": [28, 32, 33, 36, 39, 44, 48, 51, 52, 55, 58, 64, 67, 72, 80, 83, 86, 89, 95, 102, 105, 108, 116, 119, 124, 127, 130, 137, 140, 143, 146, 149, 155, 161, 167, 173, 181, 186, 189, 197, 200, 203, 207], "summary": {"covered_lines": 43, "num_statements": 43, "percent_covered": 100.0, "percent_covered_display": "100", "missing_lines": 0, "excluded_lines": 0}, "missing_lines": [], "excluded_lines": []}, "main": {"executed_lines": [213, 214, 216, 217], "summary": {"covered_lines": 4, "num_statements": 27, "percent_covered": 14.814814814814815, "percent_covered_display": "15", "missing_lines": 23, "excluded_lines": 0}, "missing_lines": [219, 220, 221, 224, 225, 226, 228, 229, 232, 233, 234, 237, 244, 245, 246, 247, 248, 249, 252, 255, 258, 259, 260], "excluded_lines": []}, "_print_result": {"executed_lines": [], "summary": {"covered_lines": 0, "num_statements": 39, "percent_covered": 0.0, "percent_covered_display": "0", "missing_lines": 39, "excluded_lines": 0}, "missing_lines": [270, 271, 273, 276, 282, 283, 284, 294, 297, 299, 309, 312, 313, 314, 315, 316, 319, 320, 321, 322, 323, 325, 327, 328, 329, 330, 332, 334, 335, 336, 337, 338, 340, 342, 343, 344, 345, 346, 348], "excluded_lines": []}, "": {"executed_lines": [1, 12, 13, 14, 16, 17, 18, 26, 210, 263, 351], "summary": {"covered_lines": 10, "num_statements": 11, "percent_covered": 90.9090909090909, "percent_covered_display": "91", "missing_lines": 1, "excluded_lines": 0}, "missing_lines": [352], "excluded_lines": []}}, "classes": {"": {"executed_lines": [1, 12, 13, 14, 16, 17, 18, 26, 28, 32, 33, 36, 39, 44, 48, 51, 52, 55, 58, 64, 67, 72, 80, 83, 86, 89, 95, 102, 105, 108, 116, 119, 124, 127, 130, 137, 140, 143, 146, 149, 155, 161, 167, 173, 181, 186, 189, 197, 200, 203, 207, 210, 213, 214, 216, 217, 263, 351], "summary": {"covered_lines": 57, "num_statements": 120, "percent_covered": 47.5, "percent_covered_display": "48", "missing_lines": 63, "excluded_lines": 0}, "missing_lines": [219, 220, 221, 224, 225, 226, 228, 229, 232, 233, 234, 237, 244, 245, 246, 247, 248, 249, 252, 255, 258, 259, 260, 270, 271, 273, 276, 282, 283, 284, 294, 297, 299, 309, 312, 313, 314, 315, 316, 319, 320, 321, 322, 323, 325, 327, 328, 329, 330, 332, 334, 335, 336, 337, 338, 340, 342, 343, 344, 345, 346, 348, 352], "excluded_lines": []}}}, "src/huskycat/commands/__init__.py": {"executed_lines": [], "summary": {"covered_lines": 0, "num_statements": 0, "percent_covered": 100.0, "percent_covered_display": "100", "missing_lines": 0, "excluded_lines": 0}, "missing_lines": [], "excluded_lines": [], "functions": {"": {"executed_lines": [], "summary": {"covered_lines": 0, "num_statements": 0, "percent_covered": 100.0, "percent_covered_display": "100", "missing_lines": 0, "excluded_lines": 0}, "missing_lines": [], "excluded_lines": []}}, "classes": {"": {"executed_lines": [], "summary": {"covered_lines": 0, "num_statements": 0, "percent_covered": 100.0, "percent_covered_display": "100", "missing_lines": 0, "excluded_lines": 0}, "missing_lines": [], "excluded_lines": []}}}, "src/huskycat/commands/autodevops.py": {"executed_lines": [], "summary": {"covered_lines": 0, "num_statements": 339, "percent_covered": 0.0, "percent_covered_display": "0", "missing_lines": 339, "excluded_lines": 0}, "missing_lines": [5, 6, 7, 8, 9, 10, 11, 13, 16, 19, 22, 23, 30, 31, 32, 34, 35, 36, 38, 61, 63, 64, 71, 72, 73, 74, 75, 77, 86, 87, 90, 91, 92, 93, 94, 95, 96, 99, 100, 103, 104, 105, 106, 109, 110, 113, 114, 115, 116, 119, 120, 121, 122, 123, 124, 125, 126, 129, 130, 131, 132, 133, 134, 138, 139, 141, 149, 151, 161, 162, 163, 166, 167, 168, 169, 170, 173, 178, 181, 182, 187, 188, 193, 199, 204, 214, 216, 218, 220, 221, 222, 223, 225, 226, 227, 228, 229, 230, 231, 232, 234, 238, 241, 242, 243, 246, 248, 250, 252, 253, 254, 255, 258, 259, 260, 261, 264, 267, 268, 269, 270, 272, 273, 279, 280, 281, 282, 284, 285, 287, 291, 292, 293, 295, 297, 305, 316, 317, 318, 323, 324, 325, 327, 328, 329, 330, 333, 335, 339, 347, 348, 349, 351, 352, 353, 354, 357, 358, 360, 361, 362, 363, 364, 365, 366, 368, 370, 373, 374, 375, 377, 380, 382, 384, 385, 386, 387, 388, 389, 390, 392, 394, 398, 399, 400, 402, 404, 417, 426, 427, 428, 429, 430, 433, 434, 435, 436, 439, 440, 441, 444, 448, 449, 450, 451, 454, 455, 456, 457, 458, 459, 460, 461, 464, 465, 468, 469, 470, 471, 472, 473, 477, 479, 492, 495, 496, 498, 499, 500, 501, 502, 503, 504, 507, 508, 510, 513, 514, 515, 516, 517, 518, 519, 520, 523, 524, 525, 526, 529, 530, 531, 532, 535, 536, 540, 542, 544, 546, 547, 550, 553, 554, 555, 556, 557, 560, 561, 562, 565, 574, 575, 578, 579, 582, 590, 594, 595, 596, 598, 599, 601, 602, 603, 606, 607, 608, 609, 611, 613, 615, 616, 617, 618, 619, 621, 623, 624, 627, 628, 629, 631, 635, 637, 638, 639, 643, 644, 645, 649, 651, 652, 654, 656, 658, 660, 661, 662, 663, 665, 666, 670, 671, 675, 677, 679, 680, 682, 683, 686, 687, 690, 699, 701, 702, 705, 706, 708, 709, 711], "excluded_lines": [], "functions": {"AutoDevOpsCommand.name": {"executed_lines": [], "summary": {"covered_lines": 0, "num_statements": 1, "percent_covered": 0.0, "percent_covered_display": "0", "missing_lines": 1, "excluded_lines": 0}, "missing_lines": [32], "excluded_lines": []}, "AutoDevOpsCommand.description": {"executed_lines": [], "summary": {"covered_lines": 0, "num_statements": 1, "percent_covered": 0.0, "percent_covered_display": "0", "missing_lines": 1, "excluded_lines": 0}, "missing_lines": [36], "excluded_lines": []}, "AutoDevOpsCommand.execute": {"executed_lines": [], "summary": {"covered_lines": 0, "num_statements": 47, "percent_covered": 0.0, "percent_covered_display": "0", "missing_lines": 47, "excluded_lines": 0}, "missing_lines": [61, 63, 64, 71, 72, 73, 74, 75, 77, 86, 87, 90, 91, 92, 93, 94, 95, 96, 99, 100, 103, 104, 105, 106, 109, 110, 113, 114, 115, 116, 119, 120, 121, 122, 123, 124, 125, 126, 129, 130, 131, 132, 133, 134, 138, 139, 141], "excluded_lines": []}, "AutoDevOpsCommand._analyze_project_structure": {"executed_lines": [], "summary": {"covered_lines": 0, "num_statements": 19, "percent_covered": 0.0, "percent_covered_display": "0", "missing_lines": 19, "excluded_lines": 0}, "missing_lines": [151, 161, 162, 163, 166, 167, 168, 169, 170, 173, 178, 181, 182, 187, 188, 193, 199, 204, 214], "excluded_lines": []}, "AutoDevOpsCommand._load_helm_validation_rules": {"executed_lines": [], "summary": {"covered_lines": 0, "num_statements": 13, "percent_covered": 0.0, "percent_covered_display": "0", "missing_lines": 13, "excluded_lines": 0}, "missing_lines": [218, 220, 221, 222, 223, 225, 226, 227, 228, 229, 230, 231, 232], "excluded_lines": []}, "AutoDevOpsCommand._validate_with_cached_helm_schemas": {"executed_lines": [], "summary": {"covered_lines": 0, "num_statements": 33, "percent_covered": 0.0, "percent_covered_display": "0", "missing_lines": 33, "excluded_lines": 0}, "missing_lines": [238, 241, 242, 243, 246, 248, 250, 252, 253, 254, 255, 258, 259, 260, 261, 264, 267, 268, 269, 270, 272, 273, 279, 280, 281, 282, 284, 285, 287, 291, 292, 293, 295], "excluded_lines": []}, "AutoDevOpsCommand._validate_values_against_schema": {"executed_lines": [], "summary": {"covered_lines": 0, "num_statements": 12, "percent_covered": 0.0, "percent_covered_display": "0", "missing_lines": 12, "excluded_lines": 0}, "missing_lines": [305, 316, 317, 318, 323, 324, 325, 327, 328, 329, 330, 333], "excluded_lines": []}, "AutoDevOpsCommand._validate_gitlab_ci_autodevops": {"executed_lines": [], "summary": {"covered_lines": 0, "num_statements": 38, "percent_covered": 0.0, "percent_covered_display": "0", "missing_lines": 38, "excluded_lines": 0}, "missing_lines": [339, 347, 348, 349, 351, 352, 353, 354, 357, 358, 360, 361, 362, 363, 364, 365, 366, 368, 370, 373, 374, 375, 377, 380, 382, 384, 385, 386, 387, 388, 389, 390, 392, 394, 398, 399, 400, 402], "excluded_lines": []}, "AutoDevOpsCommand._validate_helm_charts": {"executed_lines": [], "summary": {"covered_lines": 0, "num_statements": 35, "percent_covered": 0.0, "percent_covered_display": "0", "missing_lines": 35, "excluded_lines": 0}, "missing_lines": [417, 426, 427, 428, 429, 430, 433, 434, 435, 436, 439, 440, 441, 444, 448, 449, 450, 451, 454, 455, 456, 457, 458, 459, 460, 461, 464, 465, 468, 469, 470, 471, 472, 473, 477], "excluded_lines": []}, "AutoDevOpsCommand._validate_k8s_manifests": {"executed_lines": [], "summary": {"covered_lines": 0, "num_statements": 32, "percent_covered": 0.0, "percent_covered_display": "0", "missing_lines": 32, "excluded_lines": 0}, "missing_lines": [492, 495, 496, 498, 499, 500, 501, 502, 503, 504, 507, 508, 510, 513, 514, 515, 516, 517, 518, 519, 520, 523, 524, 525, 526, 529, 530, 531, 532, 535, 536, 540], "excluded_lines": []}, "AutoDevOpsCommand._simulate_auto_devops_deployment": {"executed_lines": [], "summary": {"covered_lines": 0, "num_statements": 32, "percent_covered": 0.0, "percent_covered_display": "0", "missing_lines": 32, "excluded_lines": 0}, "missing_lines": [544, 546, 547, 550, 553, 554, 555, 556, 557, 560, 561, 562, 565, 574, 575, 578, 579, 582, 590, 594, 595, 596, 598, 599, 601, 602, 603, 606, 607, 608, 609, 611], "excluded_lines": []}, "AutoDevOpsCommand._is_helm_available": {"executed_lines": [], "summary": {"covered_lines": 0, "num_statements": 5, "percent_covered": 0.0, "percent_covered_display": "0", "missing_lines": 5, "excluded_lines": 0}, "missing_lines": [615, 616, 617, 618, 619], "excluded_lines": []}, "AutoDevOpsCommand._is_kubectl_available": {"executed_lines": [], "summary": {"covered_lines": 0, "num_statements": 5, "percent_covered": 0.0, "percent_covered_display": "0", "missing_lines": 5, "excluded_lines": 0}, "missing_lines": [623, 624, 627, 628, 629], "excluded_lines": []}, "AutoDevOpsCommand._validate_with_helm_template": {"executed_lines": [], "summary": {"covered_lines": 0, "num_statements": 11, "percent_covered": 0.0, "percent_covered_display": "0", "missing_lines": 11, "excluded_lines": 0}, "missing_lines": [635, 637, 638, 639, 643, 644, 645, 649, 651, 652, 654], "excluded_lines": []}, "AutoDevOpsCommand._validate_with_kubectl": {"executed_lines": [], "summary": {"covered_lines": 0, "num_statements": 10, "percent_covered": 0.0, "percent_covered_display": "0", "missing_lines": 10, "excluded_lines": 0}, "missing_lines": [658, 660, 661, 662, 663, 665, 666, 670, 671, 675], "excluded_lines": []}, "AutoDevOpsCommand._ensure_auto_deploy_chart": {"executed_lines": [], "summary": {"covered_lines": 0, "num_statements": 15, "percent_covered": 0.0, "percent_covered_display": "0", "missing_lines": 15, "excluded_lines": 0}, "missing_lines": [679, 680, 682, 683, 686, 687, 690, 699, 701, 702, 705, 706, 708, 709, 711], "excluded_lines": []}, "": {"executed_lines": [], "summary": {"covered_lines": 0, "num_statements": 30, "percent_covered": 0.0, "percent_covered_display": "0", "missing_lines": 30, "excluded_lines": 0}, "missing_lines": [5, 6, 7, 8, 9, 10, 11, 13, 16, 19, 22, 23, 30, 31, 34, 35, 38, 149, 216, 234, 297, 335, 404, 479, 542, 613, 621, 631, 656, 677], "excluded_lines": []}}, "classes": {"AutoDevOpsCommand": {"executed_lines": [], "summary": {"covered_lines": 0, "num_statements": 309, "percent_covered": 0.0, "percent_covered_display": "0", "missing_lines": 309, "excluded_lines": 0}, "missing_lines": [32, 36, 61, 63, 64, 71, 72, 73, 74, 75, 77, 86, 87, 90, 91, 92, 93, 94, 95, 96, 99, 100, 103, 104, 105, 106, 109, 110, 113, 114, 115, 116, 119, 120, 121, 122, 123, 124, 125, 126, 129, 130, 131, 132, 133, 134, 138, 139, 141, 151, 161, 162, 163, 166, 167, 168, 169, 170, 173, 178, 181, 182, 187, 188, 193, 199, 204, 214, 218, 220, 221, 222, 223, 225, 226, 227, 228, 229, 230, 231, 232, 238, 241, 242, 243, 246, 248, 250, 252, 253, 254, 255, 258, 259, 260, 261, 264, 267, 268, 269, 270, 272, 273, 279, 280, 281, 282, 284, 285, 287, 291, 292, 293, 295, 305, 316, 317, 318, 323, 324, 325, 327, 328, 329, 330, 333, 339, 347, 348, 349, 351, 352, 353, 354, 357, 358, 360, 361, 362, 363, 364, 365, 366, 368, 370, 373, 374, 375, 377, 380, 382, 384, 385, 386, 387, 388, 389, 390, 392, 394, 398, 399, 400, 402, 417, 426, 427, 428, 429, 430, 433, 434, 435, 436, 439, 440, 441, 444, 448, 449, 450, 451, 454, 455, 456, 457, 458, 459, 460, 461, 464, 465, 468, 469, 470, 471, 472, 473, 477, 492, 495, 496, 498, 499, 500, 501, 502, 503, 504, 507, 508, 510, 513, 514, 515, 516, 517, 518, 519, 520, 523, 524, 525, 526, 529, 530, 531, 532, 535, 536, 540, 544, 546, 547, 550, 553, 554, 555, 556, 557, 560, 561, 562, 565, 574, 575, 578, 579, 582, 590, 594, 595, 596, 598, 599, 601, 602, 603, 606, 607, 608, 609, 611, 615, 616, 617, 618, 619, 623, 624, 627, 628, 629, 635, 637, 638, 639, 643, 644, 645, 649, 651, 652, 654, 658, 660, 661, 662, 663, 665, 666, 670, 671, 675, 679, 680, 682, 683, 686, 687, 690, 699, 701, 702, 705, 706, 708, 709, 711], "excluded_lines": []}, "": {"executed_lines": [], "summary": {"covered_lines": 0, "num_statements": 30, "percent_covered": 0.0, "percent_covered_display": "0", "missing_lines": 30, "excluded_lines": 0}, "missing_lines": [5, 6, 7, 8, 9, 10, 11, 13, 16, 19, 22, 23, 30, 31, 34, 35, 38, 149, 216, 234, 297, 335, 404, 479, 542, 613, 621, 631, 656, 677], "excluded_lines": []}}}, "src/huskycat/commands/autofix.py": {"executed_lines": [], "summary": {"covered_lines": 0, "num_statements": 65, "percent_covered": 0.0, "percent_covered_display": "0", "missing_lines": 65, "excluded_lines": 0}, "missing_lines": [5, 6, 8, 9, 12, 15, 16, 17, 19, 20, 21, 23, 43, 46, 47, 48, 49, 50, 51, 52, 53, 54, 55, 56, 58, 60, 61, 64, 67, 68, 69, 70, 71, 72, 73, 74, 75, 81, 88, 91, 92, 93, 94, 96, 97, 99, 100, 101, 102, 103, 105, 106, 107, 108, 110, 111, 114, 115, 117, 118, 119, 120, 123, 124, 128], "excluded_lines": [], "functions": {"AutoFixCommand.name": {"executed_lines": [], "summary": {"covered_lines": 0, "num_statements": 1, "percent_covered": 0.0, "percent_covered_display": "0", "missing_lines": 1, "excluded_lines": 0}, "missing_lines": [17], "excluded_lines": []}, "AutoFixCommand.description": {"executed_lines": [], "summary": {"covered_lines": 0, "num_statements": 1, "percent_covered": 0.0, "percent_covered_display": "0", "missing_lines": 1, "excluded_lines": 0}, "missing_lines": [21], "excluded_lines": []}, "AutoFixCommand.execute": {"executed_lines": [], "summary": {"covered_lines": 0, "num_statements": 53, "percent_covered": 0.0, "percent_covered_display": "0", "missing_lines": 53, "excluded_lines": 0}, "missing_lines": [43, 46, 47, 48, 49, 50, 51, 52, 53, 54, 55, 56, 58, 60, 61, 64, 67, 68, 69, 70, 71, 72, 73, 74, 75, 81, 88, 91, 92, 93, 94, 96, 97, 99, 100, 101, 102, 103, 105, 106, 107, 108, 110, 111, 114, 115, 117, 118, 119, 120, 123, 124, 128], "excluded_lines": []}, "": {"executed_lines": [], "summary": {"covered_lines": 0, "num_statements": 10, "percent_covered": 0.0, "percent_covered_display": "0", "missing_lines": 10, "excluded_lines": 0}, "missing_lines": [5, 6, 8, 9, 12, 15, 16, 19, 20, 23], "excluded_lines": []}}, "classes": {"AutoFixCommand": {"executed_lines": [], "summary": {"covered_lines": 0, "num_statements": 55, "percent_covered": 0.0, "percent_covered_display": "0", "missing_lines": 55, "excluded_lines": 0}, "missing_lines": [17, 21, 43, 46, 47, 48, 49, 50, 51, 52, 53, 54, 55, 56, 58, 60, 61, 64, 67, 68, 69, 70, 71, 72, 73, 74, 75, 81, 88, 91, 92, 93, 94, 96, 97, 99, 100, 101, 102, 103, 105, 106, 107, 108, 110, 111, 114, 115, 117, 118, 119, 120, 123, 124, 128], "excluded_lines": []}, "": {"executed_lines": [], "summary": {"covered_lines": 0, "num_statements": 10, "percent_covered": 0.0, "percent_covered_display": "0", "missing_lines": 10, "excluded_lines": 0}, "missing_lines": [5, 6, 8, 9, 12, 15, 16, 19, 20, 23], "excluded_lines": []}}}, "src/huskycat/commands/bootstrap.py": {"executed_lines": [], "summary": {"covered_lines": 0, "num_statements": 145, "percent_covered": 0.0, "percent_covered_display": "0", "missing_lines": 145, "excluded_lines": 0}, "missing_lines": [11, 12, 13, 14, 16, 17, 19, 22, 25, 26, 27, 29, 30, 31, 33, 51, 52, 54, 56, 66, 68, 71, 72, 82, 83, 84, 85, 88, 89, 90, 91, 92, 93, 94, 95, 96, 97, 98, 99, 100, 102, 103, 104, 106, 108, 109, 112, 114, 115, 116, 117, 123, 124, 131, 132, 133, 134, 136, 137, 138, 139, 140, 141, 142, 143, 144, 145, 146, 147, 149, 150, 151, 154, 155, 156, 157, 159, 161, 175, 184, 185, 186, 189, 190, 193, 194, 197, 198, 199, 200, 201, 202, 203, 204, 206, 207, 209, 216, 217, 223, 225, 227, 229, 231, 232, 234, 237, 238, 241, 242, 243, 246, 253, 254, 257, 258, 260, 266, 272, 273, 279, 281, 283, 285, 288, 289, 290, 292, 293, 295, 296, 297, 298, 300, 302, 303, 304, 305, 306, 308, 315, 316, 321, 325, 329], "excluded_lines": [], "functions": {"BootstrapCommand.name": {"executed_lines": [], "summary": {"covered_lines": 0, "num_statements": 1, "percent_covered": 0.0, "percent_covered_display": "0", "missing_lines": 1, "excluded_lines": 0}, "missing_lines": [27], "excluded_lines": []}, "BootstrapCommand.description": {"executed_lines": [], "summary": {"covered_lines": 0, "num_statements": 1, "percent_covered": 0.0, "percent_covered_display": "0", "missing_lines": 1, "excluded_lines": 0}, "missing_lines": [31], "excluded_lines": []}, "BootstrapCommand.execute": {"executed_lines": [], "summary": {"covered_lines": 0, "num_statements": 3, "percent_covered": 0.0, "percent_covered_display": "0", "missing_lines": 3, "excluded_lines": 0}, "missing_lines": [51, 52, 54], "excluded_lines": []}, "BootstrapCommand._bootstrap_gitops_hooks": {"executed_lines": [], "summary": {"covered_lines": 0, "num_statements": 59, "percent_covered": 0.0, "percent_covered_display": "0", "missing_lines": 59, "excluded_lines": 0}, "missing_lines": [66, 68, 71, 72, 82, 83, 84, 85, 88, 89, 90, 91, 92, 93, 94, 95, 96, 97, 98, 99, 100, 102, 103, 104, 106, 108, 109, 112, 114, 115, 116, 117, 123, 124, 131, 132, 133, 134, 136, 137, 138, 139, 140, 141, 142, 143, 144, 145, 146, 147, 149, 150, 151, 154, 155, 156, 157, 159, 161], "excluded_lines": []}, "BootstrapCommand._bootstrap_mcp_integration": {"executed_lines": [], "summary": {"covered_lines": 0, "num_statements": 20, "percent_covered": 0.0, "percent_covered_display": "0", "missing_lines": 20, "excluded_lines": 0}, "missing_lines": [184, 185, 186, 189, 190, 193, 194, 197, 198, 199, 200, 201, 202, 203, 204, 206, 207, 209, 216, 217], "excluded_lines": []}, "BootstrapCommand._bootstrap_mcp_json": {"executed_lines": [], "summary": {"covered_lines": 0, "num_statements": 20, "percent_covered": 0.0, "percent_covered_display": "0", "missing_lines": 20, "excluded_lines": 0}, "missing_lines": [225, 227, 229, 231, 232, 234, 237, 238, 241, 242, 243, 246, 253, 254, 257, 258, 260, 266, 272, 273], "excluded_lines": []}, "BootstrapCommand._bootstrap_claude_commands": {"executed_lines": [], "summary": {"covered_lines": 0, "num_statements": 21, "percent_covered": 0.0, "percent_covered_display": "0", "missing_lines": 21, "excluded_lines": 0}, "missing_lines": [281, 283, 285, 288, 289, 290, 292, 293, 295, 296, 297, 298, 300, 302, 303, 304, 305, 306, 308, 315, 316], "excluded_lines": []}, "BootstrapCommand._get_huskycat_commands": {"executed_lines": [], "summary": {"covered_lines": 0, "num_statements": 2, "percent_covered": 0.0, "percent_covered_display": "0", "missing_lines": 2, "excluded_lines": 0}, "missing_lines": [325, 329], "excluded_lines": []}, "": {"executed_lines": [], "summary": {"covered_lines": 0, "num_statements": 18, "percent_covered": 0.0, "percent_covered_display": "0", "missing_lines": 18, "excluded_lines": 0}, "missing_lines": [11, 12, 13, 14, 16, 17, 19, 22, 25, 26, 29, 30, 33, 56, 175, 223, 279, 321], "excluded_lines": []}}, "classes": {"BootstrapCommand": {"executed_lines": [], "summary": {"covered_lines": 0, "num_statements": 127, "percent_covered": 0.0, "percent_covered_display": "0", "missing_lines": 127, "excluded_lines": 0}, "missing_lines": [27, 31, 51, 52, 54, 66, 68, 71, 72, 82, 83, 84, 85, 88, 89, 90, 91, 92, 93, 94, 95, 96, 97, 98, 99, 100, 102, 103, 104, 106, 108, 109, 112, 114, 115, 116, 117, 123, 124, 131, 132, 133, 134, 136, 137, 138, 139, 140, 141, 142, 143, 144, 145, 146, 147, 149, 150, 151, 154, 155, 156, 157, 159, 161, 184, 185, 186, 189, 190, 193, 194, 197, 198, 199, 200, 201, 202, 203, 204, 206, 207, 209, 216, 217, 225, 227, 229, 231, 232, 234, 237, 238, 241, 242, 243, 246, 253, 254, 257, 258, 260, 266, 272, 273, 281, 283, 285, 288, 289, 290, 292, 293, 295, 296, 297, 298, 300, 302, 303, 304, 305, 306, 308, 315, 316, 325, 329], "excluded_lines": []}, "": {"executed_lines": [], "summary": {"covered_lines": 0, "num_statements": 18, "percent_covered": 0.0, "percent_covered_display": "0", "missing_lines": 18, "excluded_lines": 0}, "missing_lines": [11, 12, 13, 14, 16, 17, 19, 22, 25, 26, 29, 30, 33, 56, 175, 223, 279, 321], "excluded_lines": []}}}, "src/huskycat/commands/ci.py": {"executed_lines": [], "summary": {"covered_lines": 0, "num_statements": 74, "percent_covered": 0.0, "percent_covered_display": "0", "missing_lines": 74, "excluded_lines": 0}, "missing_lines": [5, 6, 8, 9, 12, 15, 16, 17, 19, 20, 21, 23, 34, 35, 37, 38, 42, 43, 44, 46, 47, 48, 49, 50, 53, 54, 55, 56, 57, 58, 60, 61, 63, 65, 66, 67, 68, 71, 72, 73, 74, 75, 76, 78, 79, 81, 93, 95, 98, 99, 100, 103, 104, 105, 106, 107, 108, 111, 117, 118, 120, 122, 124, 125, 126, 128, 129, 135, 141, 142, 148, 151, 157, 160], "excluded_lines": [], "functions": {"CIValidateCommand.name": {"executed_lines": [], "summary": {"covered_lines": 0, "num_statements": 1, "percent_covered": 0.0, "percent_covered_display": "0", "missing_lines": 1, "excluded_lines": 0}, "missing_lines": [17], "excluded_lines": []}, "CIValidateCommand.description": {"executed_lines": [], "summary": {"covered_lines": 0, "num_statements": 1, "percent_covered": 0.0, "percent_covered_display": "0", "missing_lines": 1, "excluded_lines": 0}, "missing_lines": [21], "excluded_lines": []}, "CIValidateCommand.execute": {"executed_lines": [], "summary": {"covered_lines": 0, "num_statements": 34, "percent_covered": 0.0, "percent_covered_display": "0", "missing_lines": 34, "excluded_lines": 0}, "missing_lines": [34, 35, 37, 38, 42, 43, 44, 46, 47, 48, 49, 50, 53, 54, 55, 56, 57, 58, 60, 61, 63, 65, 66, 67, 68, 71, 72, 73, 74, 75, 76, 78, 79, 81], "excluded_lines": []}, "CIValidateCommand._detect_ci_files": {"executed_lines": [], "summary": {"covered_lines": 0, "num_statements": 14, "percent_covered": 0.0, "percent_covered_display": "0", "missing_lines": 14, "excluded_lines": 0}, "missing_lines": [95, 98, 99, 100, 103, 104, 105, 106, 107, 108, 111, 117, 118, 120], "excluded_lines": []}, "CIValidateCommand._validate_gitlab_ci": {"executed_lines": [], "summary": {"covered_lines": 0, "num_statements": 8, "percent_covered": 0.0, "percent_covered_display": "0", "missing_lines": 8, "excluded_lines": 0}, "missing_lines": [124, 125, 126, 128, 129, 135, 141, 142], "excluded_lines": []}, "CIValidateCommand._validate_github_actions": {"executed_lines": [], "summary": {"covered_lines": 0, "num_statements": 1, "percent_covered": 0.0, "percent_covered_display": "0", "missing_lines": 1, "excluded_lines": 0}, "missing_lines": [151], "excluded_lines": []}, "CIValidateCommand._validate_compose": {"executed_lines": [], "summary": {"covered_lines": 0, "num_statements": 1, "percent_covered": 0.0, "percent_covered_display": "0", "missing_lines": 1, "excluded_lines": 0}, "missing_lines": [160], "excluded_lines": []}, "": {"executed_lines": [], "summary": {"covered_lines": 0, "num_statements": 14, "percent_covered": 0.0, "percent_covered_display": "0", "missing_lines": 14, "excluded_lines": 0}, "missing_lines": [5, 6, 8, 9, 12, 15, 16, 19, 20, 23, 93, 122, 148, 157], "excluded_lines": []}}, "classes": {"CIValidateCommand": {"executed_lines": [], "summary": {"covered_lines": 0, "num_statements": 60, "percent_covered": 0.0, "percent_covered_display": "0", "missing_lines": 60, "excluded_lines": 0}, "missing_lines": [17, 21, 34, 35, 37, 38, 42, 43, 44, 46, 47, 48, 49, 50, 53, 54, 55, 56, 57, 58, 60, 61, 63, 65, 66, 67, 68, 71, 72, 73, 74, 75, 76, 78, 79, 81, 95, 98, 99, 100, 103, 104, 105, 106, 107, 108, 111, 117, 118, 120, 124, 125, 126, 128, 129, 135, 141, 142, 151, 160], "excluded_lines": []}, "": {"executed_lines": [], "summary": {"covered_lines": 0, "num_statements": 14, "percent_covered": 0.0, "percent_covered_display": "0", "missing_lines": 14, "excluded_lines": 0}, "missing_lines": [5, 6, 8, 9, 12, 15, 16, 19, 20, 23, 93, 122, 148, 157], "excluded_lines": []}}}, "src/huskycat/commands/clean.py": {"executed_lines": [], "summary": {"covered_lines": 0, "num_statements": 40, "percent_covered": 0.0, "percent_covered_display": "0", "missing_lines": 40, "excluded_lines": 0}, "missing_lines": [5, 6, 8, 11, 14, 15, 16, 18, 19, 20, 22, 32, 35, 36, 37, 39, 40, 41, 44, 45, 46, 47, 48, 49, 50, 53, 54, 55, 56, 58, 59, 62, 63, 64, 65, 67, 68, 70, 71, 77], "excluded_lines": [], "functions": {"CleanCommand.name": {"executed_lines": [], "summary": {"covered_lines": 0, "num_statements": 1, "percent_covered": 0.0, "percent_covered_display": "0", "missing_lines": 1, "excluded_lines": 0}, "missing_lines": [16], "excluded_lines": []}, "CleanCommand.description": {"executed_lines": [], "summary": {"covered_lines": 0, "num_statements": 1, "percent_covered": 0.0, "percent_covered_display": "0", "missing_lines": 1, "excluded_lines": 0}, "missing_lines": [20], "excluded_lines": []}, "CleanCommand.execute": {"executed_lines": [], "summary": {"covered_lines": 0, "num_statements": 29, "percent_covered": 0.0, "percent_covered_display": "0", "missing_lines": 29, "excluded_lines": 0}, "missing_lines": [32, 35, 36, 37, 39, 40, 41, 44, 45, 46, 47, 48, 49, 50, 53, 54, 55, 56, 58, 59, 62, 63, 64, 65, 67, 68, 70, 71, 77], "excluded_lines": []}, "": {"executed_lines": [], "summary": {"covered_lines": 0, "num_statements": 9, "percent_covered": 0.0, "percent_covered_display": "0", "missing_lines": 9, "excluded_lines": 0}, "missing_lines": [5, 6, 8, 11, 14, 15, 18, 19, 22], "excluded_lines": []}}, "classes": {"CleanCommand": {"executed_lines": [], "summary": {"covered_lines": 0, "num_statements": 31, "percent_covered": 0.0, "percent_covered_display": "0", "missing_lines": 31, "excluded_lines": 0}, "missing_lines": [16, 20, 32, 35, 36, 37, 39, 40, 41, 44, 45, 46, 47, 48, 49, 50, 53, 54, 55, 56, 58, 59, 62, 63, 64, 65, 67, 68, 70, 71, 77], "excluded_lines": []}, "": {"executed_lines": [], "summary": {"covered_lines": 0, "num_statements": 9, "percent_covered": 0.0, "percent_covered_display": "0", "missing_lines": 9, "excluded_lines": 0}, "missing_lines": [5, 6, 8, 11, 14, 15, 18, 19, 22], "excluded_lines": []}}}, "src/huskycat/commands/hooks.py": {"executed_lines": [], "summary": {"covered_lines": 0, "num_statements": 98, "percent_covered": 0.0, "percent_covered_display": "0", "missing_lines": 98, "excluded_lines": 0}, "missing_lines": [20, 21, 22, 23, 25, 26, 28, 31, 34, 35, 36, 38, 39, 40, 42, 56, 57, 58, 61, 62, 69, 70, 72, 73, 74, 76, 77, 79, 89, 90, 93, 94, 95, 96, 103, 104, 105, 115, 116, 121, 122, 129, 130, 131, 132, 133, 135, 136, 137, 140, 143, 144, 149, 150, 151, 152, 155, 156, 157, 160, 166, 168, 185, 196, 199, 200, 203, 204, 205, 206, 207, 208, 209, 210, 211, 212, 213, 214, 215, 217, 218, 219, 221, 223, 224, 227, 228, 229, 230, 236, 237, 244, 245, 246, 247, 249, 251, 253], "excluded_lines": [], "functions": {"SetupHooksCommand.name": {"executed_lines": [], "summary": {"covered_lines": 0, "num_statements": 1, "percent_covered": 0.0, "percent_covered_display": "0", "missing_lines": 1, "excluded_lines": 0}, "missing_lines": [36], "excluded_lines": []}, "SetupHooksCommand.description": {"executed_lines": [], "summary": {"covered_lines": 0, "num_statements": 1, "percent_covered": 0.0, "percent_covered_display": "0", "missing_lines": 1, "excluded_lines": 0}, "missing_lines": [40], "excluded_lines": []}, "SetupHooksCommand.execute": {"executed_lines": [], "summary": {"covered_lines": 0, "num_statements": 12, "percent_covered": 0.0, "percent_covered_display": "0", "missing_lines": 12, "excluded_lines": 0}, "missing_lines": [56, 57, 58, 61, 62, 69, 70, 72, 73, 74, 76, 77], "excluded_lines": []}, "SetupHooksCommand._setup_tracked_hooks": {"executed_lines": [], "summary": {"covered_lines": 0, "num_statements": 34, "percent_covered": 0.0, "percent_covered_display": "0", "missing_lines": 34, "excluded_lines": 0}, "missing_lines": [89, 90, 93, 94, 95, 96, 103, 104, 105, 115, 116, 121, 122, 129, 130, 131, 132, 133, 135, 136, 137, 140, 143, 144, 149, 150, 151, 152, 155, 156, 157, 160, 166, 168], "excluded_lines": []}, "SetupHooksCommand._setup_binary_hooks": {"executed_lines": [], "summary": {"covered_lines": 0, "num_statements": 35, "percent_covered": 0.0, "percent_covered_display": "0", "missing_lines": 35, "excluded_lines": 0}, "missing_lines": [196, 199, 200, 203, 204, 205, 206, 207, 208, 209, 210, 211, 212, 213, 214, 215, 217, 218, 219, 221, 223, 224, 227, 228, 229, 230, 236, 237, 244, 245, 246, 247, 249, 251, 253], "excluded_lines": []}, "": {"executed_lines": [], "summary": {"covered_lines": 0, "num_statements": 15, "percent_covered": 0.0, "percent_covered_display": "0", "missing_lines": 15, "excluded_lines": 0}, "missing_lines": [20, 21, 22, 23, 25, 26, 28, 31, 34, 35, 38, 39, 42, 79, 185], "excluded_lines": []}}, "classes": {"SetupHooksCommand": {"executed_lines": [], "summary": {"covered_lines": 0, "num_statements": 83, "percent_covered": 0.0, "percent_covered_display": "0", "missing_lines": 83, "excluded_lines": 0}, "missing_lines": [36, 40, 56, 57, 58, 61, 62, 69, 70, 72, 73, 74, 76, 77, 89, 90, 93, 94, 95, 96, 103, 104, 105, 115, 116, 121, 122, 129, 130, 131, 132, 133, 135, 136, 137, 140, 143, 144, 149, 150, 151, 152, 155, 156, 157, 160, 166, 168, 196, 199, 200, 203, 204, 205, 206, 207, 208, 209, 210, 211, 212, 213, 214, 215, 217, 218, 219, 221, 223, 224, 227, 228, 229, 230, 236, 237, 244, 245, 246, 247, 249, 251, 253], "excluded_lines": []}, "": {"executed_lines": [], "summary": {"covered_lines": 0, "num_statements": 15, "percent_covered": 0.0, "percent_covered_display": "0", "missing_lines": 15, "excluded_lines": 0}, "missing_lines": [20, 21, 22, 23, 25, 26, 28, 31, 34, 35, 38, 39, 42, 79, 185], "excluded_lines": []}}}, "src/huskycat/commands/install.py": {"executed_lines": [], "summary": {"covered_lines": 0, "num_statements": 95, "percent_covered": 0.0, "percent_covered_display": "0", "missing_lines": 95, "excluded_lines": 0}, "missing_lines": [10, 11, 12, 13, 14, 15, 17, 20, 23, 24, 25, 27, 28, 29, 31, 48, 49, 50, 53, 54, 57, 58, 61, 62, 63, 66, 67, 69, 75, 76, 78, 79, 81, 82, 85, 86, 89, 90, 91, 92, 93, 96, 97, 98, 99, 101, 104, 105, 106, 109, 111, 112, 113, 114, 115, 118, 119, 122, 125, 126, 133, 134, 141, 147, 150, 151, 154, 155, 156, 158, 160, 162, 163, 168, 169, 170, 172, 174, 176, 177, 178, 179, 180, 181, 183, 185, 187, 188, 191, 204, 207, 255, 258, 271, 273], "excluded_lines": [], "functions": {"InstallCommand.name": {"executed_lines": [], "summary": {"covered_lines": 0, "num_statements": 1, "percent_covered": 0.0, "percent_covered_display": "0", "missing_lines": 1, "excluded_lines": 0}, "missing_lines": [25], "excluded_lines": []}, "InstallCommand.description": {"executed_lines": [], "summary": {"covered_lines": 0, "num_statements": 1, "percent_covered": 0.0, "percent_covered_display": "0", "missing_lines": 1, "excluded_lines": 0}, "missing_lines": [29], "excluded_lines": []}, "InstallCommand.execute": {"executed_lines": [], "summary": {"covered_lines": 0, "num_statements": 48, "percent_covered": 0.0, "percent_covered_display": "0", "missing_lines": 48, "excluded_lines": 0}, "missing_lines": [48, 49, 50, 53, 54, 57, 58, 61, 62, 63, 66, 67, 69, 75, 76, 78, 79, 81, 82, 85, 86, 89, 90, 91, 92, 93, 96, 97, 98, 99, 101, 104, 105, 106, 109, 111, 112, 113, 114, 115, 118, 119, 122, 125, 126, 133, 134, 141], "excluded_lines": []}, "InstallCommand._get_executable_path": {"executed_lines": [], "summary": {"covered_lines": 0, "num_statements": 6, "percent_covered": 0.0, "percent_covered_display": "0", "missing_lines": 6, "excluded_lines": 0}, "missing_lines": [150, 151, 154, 155, 156, 158], "excluded_lines": []}, "InstallCommand._is_git_repo": {"executed_lines": [], "summary": {"covered_lines": 0, "num_statements": 5, "percent_covered": 0.0, "percent_covered_display": "0", "missing_lines": 5, "excluded_lines": 0}, "missing_lines": [162, 163, 168, 169, 170], "excluded_lines": []}, "InstallCommand._get_path_instructions": {"executed_lines": [], "summary": {"covered_lines": 0, "num_statements": 8, "percent_covered": 0.0, "percent_covered_display": "0", "missing_lines": 8, "excluded_lines": 0}, "missing_lines": [174, 176, 177, 178, 179, 180, 181, 183], "excluded_lines": []}, "InstallCommand._create_completions": {"executed_lines": [], "summary": {"covered_lines": 0, "num_statements": 9, "percent_covered": 0.0, "percent_covered_display": "0", "missing_lines": 9, "excluded_lines": 0}, "missing_lines": [187, 188, 191, 204, 207, 255, 258, 271, 273], "excluded_lines": []}, "": {"executed_lines": [], "summary": {"covered_lines": 0, "num_statements": 17, "percent_covered": 0.0, "percent_covered_display": "0", "missing_lines": 17, "excluded_lines": 0}, "missing_lines": [10, 11, 12, 13, 14, 15, 17, 20, 23, 24, 27, 28, 31, 147, 160, 172, 185], "excluded_lines": []}}, "classes": {"InstallCommand": {"executed_lines": [], "summary": {"covered_lines": 0, "num_statements": 78, "percent_covered": 0.0, "percent_covered_display": "0", "missing_lines": 78, "excluded_lines": 0}, "missing_lines": [25, 29, 48, 49, 50, 53, 54, 57, 58, 61, 62, 63, 66, 67, 69, 75, 76, 78, 79, 81, 82, 85, 86, 89, 90, 91, 92, 93, 96, 97, 98, 99, 101, 104, 105, 106, 109, 111, 112, 113, 114, 115, 118, 119, 122, 125, 126, 133, 134, 141, 150, 151, 154, 155, 156, 158, 162, 163, 168, 169, 170, 174, 176, 177, 178, 179, 180, 181, 183, 187, 188, 191, 204, 207, 255, 258, 271, 273], "excluded_lines": []}, "": {"executed_lines": [], "summary": {"covered_lines": 0, "num_statements": 17, "percent_covered": 0.0, "percent_covered_display": "0", "missing_lines": 17, "excluded_lines": 0}, "missing_lines": [10, 11, 12, 13, 14, 15, 17, 20, 23, 24, 27, 28, 31, 147, 160, 172, 185], "excluded_lines": []}}}, "src/huskycat/commands/mcp.py": {"executed_lines": [], "summary": {"covered_lines": 0, "num_statements": 19, "percent_covered": 0.0, "percent_covered_display": "0", "missing_lines": 19, "excluded_lines": 0}, "missing_lines": [5, 8, 11, 12, 13, 15, 16, 17, 19, 26, 28, 31, 34, 35, 37, 41, 42, 47, 48], "excluded_lines": [], "functions": {"MCPServerCommand.name": {"executed_lines": [], "summary": {"covered_lines": 0, "num_statements": 1, "percent_covered": 0.0, "percent_covered_display": "0", "missing_lines": 1, "excluded_lines": 0}, "missing_lines": [13], "excluded_lines": []}, "MCPServerCommand.description": {"executed_lines": [], "summary": {"covered_lines": 0, "num_statements": 1, "percent_covered": 0.0, "percent_covered_display": "0", "missing_lines": 1, "excluded_lines": 0}, "missing_lines": [17], "excluded_lines": []}, "MCPServerCommand.execute": {"executed_lines": [], "summary": {"covered_lines": 0, "num_statements": 10, "percent_covered": 0.0, "percent_covered_display": "0", "missing_lines": 10, "excluded_lines": 0}, "missing_lines": [26, 28, 31, 34, 35, 37, 41, 42, 47, 48], "excluded_lines": []}, "": {"executed_lines": [], "summary": {"covered_lines": 0, "num_statements": 7, "percent_covered": 0.0, "percent_covered_display": "0", "missing_lines": 7, "excluded_lines": 0}, "missing_lines": [5, 8, 11, 12, 15, 16, 19], "excluded_lines": []}}, "classes": {"MCPServerCommand": {"executed_lines": [], "summary": {"covered_lines": 0, "num_statements": 12, "percent_covered": 0.0, "percent_covered_display": "0", "missing_lines": 12, "excluded_lines": 0}, "missing_lines": [13, 17, 26, 28, 31, 34, 35, 37, 41, 42, 47, 48], "excluded_lines": []}, "": {"executed_lines": [], "summary": {"covered_lines": 0, "num_statements": 7, "percent_covered": 0.0, "percent_covered_display": "0", "missing_lines": 7, "excluded_lines": 0}, "missing_lines": [5, 8, 11, 12, 15, 16, 19], "excluded_lines": []}}}, "src/huskycat/commands/schemas.py": {"executed_lines": [], "summary": {"covered_lines": 0, "num_statements": 130, "percent_covered": 0.0, "percent_covered_display": "0", "missing_lines": 130, "excluded_lines": 0}, "missing_lines": [5, 6, 7, 8, 10, 13, 16, 34, 35, 36, 38, 39, 40, 42, 53, 54, 56, 57, 58, 60, 61, 64, 66, 69, 70, 71, 72, 75, 76, 78, 79, 80, 82, 83, 84, 87, 90, 91, 92, 93, 94, 96, 97, 99, 100, 101, 104, 105, 106, 107, 108, 110, 111, 112, 113, 116, 117, 118, 119, 120, 121, 123, 124, 128, 139, 141, 143, 144, 147, 148, 149, 150, 153, 154, 155, 157, 159, 165, 170, 171, 172, 173, 175, 176, 179, 180, 181, 182, 184, 185, 187, 188, 189, 192, 193, 194, 195, 197, 198, 200, 201, 202, 203, 205, 207, 208, 210, 211, 212, 215, 224, 225, 226, 227, 229, 230, 235, 237, 238, 242, 243, 246, 247, 249, 250, 252, 253, 255, 256, 257], "excluded_lines": [], "functions": {"UpdateSchemasCommand.name": {"executed_lines": [], "summary": {"covered_lines": 0, "num_statements": 1, "percent_covered": 0.0, "percent_covered_display": "0", "missing_lines": 1, "excluded_lines": 0}, "missing_lines": [36], "excluded_lines": []}, "UpdateSchemasCommand.description": {"executed_lines": [], "summary": {"covered_lines": 0, "num_statements": 1, "percent_covered": 0.0, "percent_covered_display": "0", "missing_lines": 1, "excluded_lines": 0}, "missing_lines": [40], "excluded_lines": []}, "UpdateSchemasCommand.execute": {"executed_lines": [], "summary": {"covered_lines": 0, "num_statements": 50, "percent_covered": 0.0, "percent_covered_display": "0", "missing_lines": 50, "excluded_lines": 0}, "missing_lines": [53, 54, 56, 57, 58, 60, 61, 64, 66, 69, 70, 71, 72, 75, 76, 78, 79, 80, 82, 83, 84, 87, 90, 91, 92, 93, 94, 96, 97, 99, 100, 101, 104, 105, 106, 107, 108, 110, 111, 112, 113, 116, 117, 118, 119, 120, 121, 123, 124, 128], "excluded_lines": []}, "UpdateSchemasCommand._update_helm_schemas": {"executed_lines": [], "summary": {"covered_lines": 0, "num_statements": 65, "percent_covered": 0.0, "percent_covered_display": "0", "missing_lines": 65, "excluded_lines": 0}, "missing_lines": [141, 143, 144, 147, 148, 149, 150, 153, 154, 155, 157, 159, 165, 170, 171, 172, 173, 175, 176, 179, 180, 181, 182, 184, 185, 187, 188, 189, 192, 193, 194, 195, 197, 198, 200, 201, 202, 203, 205, 207, 208, 210, 211, 212, 215, 224, 225, 226, 227, 229, 230, 235, 237, 238, 242, 243, 246, 247, 249, 250, 252, 253, 255, 256, 257], "excluded_lines": []}, "": {"executed_lines": [], "summary": {"covered_lines": 0, "num_statements": 13, "percent_covered": 0.0, "percent_covered_display": "0", "missing_lines": 13, "excluded_lines": 0}, "missing_lines": [5, 6, 7, 8, 10, 13, 16, 34, 35, 38, 39, 42, 139], "excluded_lines": []}}, "classes": {"UpdateSchemasCommand": {"executed_lines": [], "summary": {"covered_lines": 0, "num_statements": 117, "percent_covered": 0.0, "percent_covered_display": "0", "missing_lines": 117, "excluded_lines": 0}, "missing_lines": [36, 40, 53, 54, 56, 57, 58, 60, 61, 64, 66, 69, 70, 71, 72, 75, 76, 78, 79, 80, 82, 83, 84, 87, 90, 91, 92, 93, 94, 96, 97, 99, 100, 101, 104, 105, 106, 107, 108, 110, 111, 112, 113, 116, 117, 118, 119, 120, 121, 123, 124, 128, 141, 143, 144, 147, 148, 149, 150, 153, 154, 155, 157, 159, 165, 170, 171, 172, 173, 175, 176, 179, 180, 181, 182, 184, 185, 187, 188, 189, 192, 193, 194, 195, 197, 198, 200, 201, 202, 203, 205, 207, 208, 210, 211, 212, 215, 224, 225, 226, 227, 229, 230, 235, 237, 238, 242, 243, 246, 247, 249, 250, 252, 253, 255, 256, 257], "excluded_lines": []}, "": {"executed_lines": [], "summary": {"covered_lines": 0, "num_statements": 13, "percent_covered": 0.0, "percent_covered_display": "0", "missing_lines": 13, "excluded_lines": 0}, "missing_lines": [5, 6, 7, 8, 10, 13, 16, 34, 35, 38, 39, 42, 139], "excluded_lines": []}}}, "src/huskycat/commands/status.py": {"executed_lines": [], "summary": {"covered_lines": 0, "num_statements": 42, "percent_covered": 0.0, "percent_covered_display": "0", "missing_lines": 42, "excluded_lines": 0}, "missing_lines": [5, 6, 7, 8, 10, 13, 16, 17, 18, 20, 21, 22, 24, 31, 34, 35, 41, 42, 45, 46, 47, 48, 49, 50, 52, 53, 54, 57, 58, 59, 60, 61, 62, 63, 64, 66, 69, 70, 73, 82, 83, 85], "excluded_lines": [], "functions": {"StatusCommand.name": {"executed_lines": [], "summary": {"covered_lines": 0, "num_statements": 1, "percent_covered": 0.0, "percent_covered_display": "0", "missing_lines": 1, "excluded_lines": 0}, "missing_lines": [18], "excluded_lines": []}, "StatusCommand.description": {"executed_lines": [], "summary": {"covered_lines": 0, "num_statements": 1, "percent_covered": 0.0, "percent_covered_display": "0", "missing_lines": 1, "excluded_lines": 0}, "missing_lines": [22], "excluded_lines": []}, "StatusCommand.execute": {"executed_lines": [], "summary": {"covered_lines": 0, "num_statements": 29, "percent_covered": 0.0, "percent_covered_display": "0", "missing_lines": 29, "excluded_lines": 0}, "missing_lines": [31, 34, 35, 41, 42, 45, 46, 47, 48, 49, 50, 52, 53, 54, 57, 58, 59, 60, 61, 62, 63, 64, 66, 69, 70, 73, 82, 83, 85], "excluded_lines": []}, "": {"executed_lines": [], "summary": {"covered_lines": 0, "num_statements": 11, "percent_covered": 0.0, "percent_covered_display": "0", "missing_lines": 11, "excluded_lines": 0}, "missing_lines": [5, 6, 7, 8, 10, 13, 16, 17, 20, 21, 24], "excluded_lines": []}}, "classes": {"StatusCommand": {"executed_lines": [], "summary": {"covered_lines": 0, "num_statements": 31, "percent_covered": 0.0, "percent_covered_display": "0", "missing_lines": 31, "excluded_lines": 0}, "missing_lines": [18, 22, 31, 34, 35, 41, 42, 45, 46, 47, 48, 49, 50, 52, 53, 54, 57, 58, 59, 60, 61, 62, 63, 64, 66, 69, 70, 73, 82, 83, 85], "excluded_lines": []}, "": {"executed_lines": [], "summary": {"covered_lines": 0, "num_statements": 11, "percent_covered": 0.0, "percent_covered_display": "0", "missing_lines": 11, "excluded_lines": 0}, "missing_lines": [5, 6, 7, 8, 10, 13, 16, 17, 20, 21, 24], "excluded_lines": []}}}, "src/huskycat/commands/validate.py": {"executed_lines": [], "summary": {"covered_lines": 0, "num_statements": 75, "percent_covered": 0.0, "percent_covered_display": "0", "missing_lines": 75, "excluded_lines": 0}, "missing_lines": [8, 9, 10, 12, 13, 16, 19, 20, 21, 23, 24, 25, 27, 50, 52, 53, 58, 59, 62, 63, 64, 67, 74, 77, 78, 79, 82, 83, 85, 86, 87, 88, 89, 90, 91, 94, 97, 98, 100, 101, 102, 103, 106, 107, 112, 113, 114, 115, 116, 117, 118, 120, 121, 125, 126, 129, 130, 133, 144, 152, 156, 157, 159, 161, 162, 168, 171, 172, 174, 176, 177, 180, 183, 184, 186], "excluded_lines": [], "functions": {"ValidateCommand.name": {"executed_lines": [], "summary": {"covered_lines": 0, "num_statements": 1, "percent_covered": 0.0, "percent_covered_display": "0", "missing_lines": 1, "excluded_lines": 0}, "missing_lines": [21], "excluded_lines": []}, "ValidateCommand.description": {"executed_lines": [], "summary": {"covered_lines": 0, "num_statements": 1, "percent_covered": 0.0, "percent_covered_display": "0", "missing_lines": 1, "excluded_lines": 0}, "missing_lines": [25], "excluded_lines": []}, "ValidateCommand.execute": {"executed_lines": [], "summary": {"covered_lines": 0, "num_statements": 46, "percent_covered": 0.0, "percent_covered_display": "0", "missing_lines": 46, "excluded_lines": 0}, "missing_lines": [50, 52, 53, 58, 59, 62, 63, 64, 67, 74, 77, 78, 79, 82, 83, 85, 86, 87, 88, 89, 90, 91, 94, 97, 98, 100, 101, 102, 103, 106, 107, 112, 113, 114, 115, 116, 117, 118, 120, 121, 125, 126, 129, 130, 133, 144], "excluded_lines": []}, "ValidateCommand._get_files_to_validate": {"executed_lines": [], "summary": {"covered_lines": 0, "num_statements": 15, "percent_covered": 0.0, "percent_covered_display": "0", "missing_lines": 15, "excluded_lines": 0}, "missing_lines": [156, 157, 159, 161, 162, 168, 171, 172, 174, 176, 177, 180, 183, 184, 186], "excluded_lines": []}, "": {"executed_lines": [], "summary": {"covered_lines": 0, "num_statements": 12, "percent_covered": 0.0, "percent_covered_display": "0", "missing_lines": 12, "excluded_lines": 0}, "missing_lines": [8, 9, 10, 12, 13, 16, 19, 20, 23, 24, 27, 152], "excluded_lines": []}}, "classes": {"ValidateCommand": {"executed_lines": [], "summary": {"covered_lines": 0, "num_statements": 63, "percent_covered": 0.0, "percent_covered_display": "0", "missing_lines": 63, "excluded_lines": 0}, "missing_lines": [21, 25, 50, 52, 53, 58, 59, 62, 63, 64, 67, 74, 77, 78, 79, 82, 83, 85, 86, 87, 88, 89, 90, 91, 94, 97, 98, 100, 101, 102, 103, 106, 107, 112, 113, 114, 115, 116, 117, 118, 120, 121, 125, 126, 129, 130, 133, 144, 156, 157, 159, 161, 162, 168, 171, 172, 174, 176, 177, 180, 183, 184, 186], "excluded_lines": []}, "": {"executed_lines": [], "summary": {"covered_lines": 0, "num_statements": 12, "percent_covered": 0.0, "percent_covered_display": "0", "missing_lines": 12, "excluded_lines": 0}, "missing_lines": [8, 9, 10, 12, 13, 16, 19, 20, 23, 24, 27, 152], "excluded_lines": []}}}, "src/huskycat/core/__init__.py": {"executed_lines": [1, 5, 6, 7, 9], "summary": {"covered_lines": 4, "num_statements": 4, "percent_covered": 100.0, "percent_covered_display": "100", "missing_lines": 0, "excluded_lines": 0}, "missing_lines": [], "excluded_lines": [], "functions": {"": {"executed_lines": [1, 5, 6, 7, 9], "summary": {"covered_lines": 4, "num_statements": 4, "percent_covered": 100.0, "percent_covered_display": "100", "missing_lines": 0, "excluded_lines": 0}, "missing_lines": [], "excluded_lines": []}}, "classes": {"": {"executed_lines": [1, 5, 6, 7, 9], "summary": {"covered_lines": 4, "num_statements": 4, "percent_covered": 100.0, "percent_covered_display": "100", "missing_lines": 0, "excluded_lines": 0}, "missing_lines": [], "excluded_lines": []}}}, "src/huskycat/core/adapters/__init__.py": {"executed_lines": [1, 7, 14, 15, 16, 17, 18, 19, 21], "summary": {"covered_lines": 8, "num_statements": 8, "percent_covered": 100.0, "percent_covered_display": "100", "missing_lines": 0, "excluded_lines": 0}, "missing_lines": [], "excluded_lines": [], "functions": {"": {"executed_lines": [1, 7, 14, 15, 16, 17, 18, 19, 21], "summary": {"covered_lines": 8, "num_statements": 8, "percent_covered": 100.0, "percent_covered_display": "100", "missing_lines": 0, "excluded_lines": 0}, "missing_lines": [], "excluded_lines": []}}, "classes": {"": {"executed_lines": [1, 7, 14, 15, 16, 17, 18, 19, 21], "summary": {"covered_lines": 8, "num_statements": 8, "percent_covered": 100.0, "percent_covered_display": "100", "missing_lines": 0, "excluded_lines": 0}, "missing_lines": [], "excluded_lines": []}}}, "src/huskycat/core/adapters/base.py": {"executed_lines": [1, 11, 12, 13, 14, 17, 18, 20, 21, 22, 23, 24, 27, 28, 38, 39, 40, 44, 54, 55, 56, 58, 59, 60, 61, 62, 63, 64, 65, 66, 69, 70, 81, 82, 83, 86, 87, 88, 91, 117, 127, 165, 167, 169, 174, 175, 176, 178, 180, 183, 192, 194, 198, 199, 204, 205, 206, 207, 208, 210, 211, 213, 222, 223, 225, 226, 228, 255, 271, 300, 312], "summary": {"covered_lines": 66, "num_statements": 137, "percent_covered": 48.175182481751825, "percent_covered_display": "48", "missing_lines": 71, "excluded_lines": 0}, "missing_lines": [102, 104, 105, 106, 107, 108, 109, 110, 111, 112, 113, 115, 119, 120, 121, 122, 123, 124, 125, 129, 132, 133, 134, 136, 137, 138, 139, 140, 141, 142, 144, 145, 146, 147, 148, 149, 152, 153, 154, 155, 156, 157, 158, 159, 160, 161, 163, 179, 181, 214, 215, 220, 230, 234, 265, 266, 269, 287, 291, 294, 295, 298, 310, 319, 321, 324, 325, 327, 328, 330, 332], "excluded_lines": [], "functions": {"ModeAdapter.name": {"executed_lines": [], "summary": {"covered_lines": 0, "num_statements": 0, "percent_covered": 100.0, "percent_covered_display": "100", "missing_lines": 0, "excluded_lines": 0}, "missing_lines": [], "excluded_lines": []}, "ModeAdapter.config": {"executed_lines": [], "summary": {"covered_lines": 0, "num_statements": 0, "percent_covered": 100.0, "percent_covered_display": "100", "missing_lines": 0, "excluded_lines": 0}, "missing_lines": [], "excluded_lines": []}, "ModeAdapter.format_output": {"executed_lines": [], "summary": {"covered_lines": 0, "num_statements": 12, "percent_covered": 0.0, "percent_covered_display": "0", "missing_lines": 12, "excluded_lines": 0}, "missing_lines": [102, 104, 105, 106, 107, 108, 109, 110, 111, 112, 113, 115], "excluded_lines": []}, "ModeAdapter._format_minimal": {"executed_lines": [], "summary": {"covered_lines": 0, "num_statements": 7, "percent_covered": 0.0, "percent_covered_display": "0", "missing_lines": 7, "excluded_lines": 0}, "missing_lines": [119, 120, 121, 122, 123, 124, 125], "excluded_lines": []}, "ModeAdapter._format_human": {"executed_lines": [], "summary": {"covered_lines": 0, "num_statements": 28, "percent_covered": 0.0, "percent_covered_display": "0", "missing_lines": 28, "excluded_lines": 0}, "missing_lines": [129, 132, 133, 134, 136, 137, 138, 139, 140, 141, 142, 144, 145, 146, 147, 148, 149, 152, 153, 154, 155, 156, 157, 158, 159, 160, 161, 163], "excluded_lines": []}, "ModeAdapter._format_json": {"executed_lines": [167, 169, 174, 175, 176, 178, 180, 183, 192], "summary": {"covered_lines": 9, "num_statements": 11, "percent_covered": 81.81818181818181, "percent_covered_display": "82", "missing_lines": 2, "excluded_lines": 0}, "missing_lines": [179, 181], "excluded_lines": []}, "ModeAdapter._format_junit_xml": {"executed_lines": [198, 199, 204, 205, 206, 207, 208, 210, 211, 213, 222, 223, 225, 226], "summary": {"covered_lines": 14, "num_statements": 17, "percent_covered": 82.3529411764706, "percent_covered_display": "82", "missing_lines": 3, "excluded_lines": 0}, "missing_lines": [214, 215, 220], "excluded_lines": []}, "ModeAdapter._format_jsonrpc": {"executed_lines": [], "summary": {"covered_lines": 0, "num_statements": 2, "percent_covered": 0.0, "percent_covered_display": "0", "missing_lines": 2, "excluded_lines": 0}, "missing_lines": [230, 234], "excluded_lines": []}, "ModeAdapter.should_prompt_for_fix": {"executed_lines": [], "summary": {"covered_lines": 0, "num_statements": 3, "percent_covered": 0.0, "percent_covered_display": "0", "missing_lines": 3, "excluded_lines": 0}, "missing_lines": [265, 266, 269], "excluded_lines": []}, "ModeAdapter.should_auto_fix": {"executed_lines": [], "summary": {"covered_lines": 0, "num_statements": 5, "percent_covered": 0.0, "percent_covered_display": "0", "missing_lines": 5, "excluded_lines": 0}, "missing_lines": [287, 291, 294, 295, 298], "excluded_lines": []}, "ModeAdapter.get_fix_confidence": {"executed_lines": [], "summary": {"covered_lines": 0, "num_statements": 1, "percent_covered": 0.0, "percent_covered_display": "0", "missing_lines": 1, "excluded_lines": 0}, "missing_lines": [310], "excluded_lines": []}, "ModeAdapter.get_tool_selection": {"executed_lines": [], "summary": {"covered_lines": 0, "num_statements": 8, "percent_covered": 0.0, "percent_covered_display": "0", "missing_lines": 8, "excluded_lines": 0}, "missing_lines": [319, 321, 324, 325, 327, 328, 330, 332], "excluded_lines": []}, "": {"executed_lines": [1, 11, 12, 13, 14, 17, 18, 20, 21, 22, 23, 24, 27, 28, 38, 39, 40, 44, 54, 55, 56, 58, 59, 60, 61, 62, 63, 64, 65, 66, 69, 70, 81, 82, 83, 86, 87, 88, 91, 117, 127, 165, 194, 228, 255, 271, 300, 312], "summary": {"covered_lines": 43, "num_statements": 43, "percent_covered": 100.0, "percent_covered_display": "100", "missing_lines": 0, "excluded_lines": 0}, "missing_lines": [], "excluded_lines": []}}, "classes": {"OutputFormat": {"executed_lines": [], "summary": {"covered_lines": 0, "num_statements": 0, "percent_covered": 100.0, "percent_covered_display": "100", "missing_lines": 0, "excluded_lines": 0}, "missing_lines": [], "excluded_lines": []}, "FixConfidence": {"executed_lines": [], "summary": {"covered_lines": 0, "num_statements": 0, "percent_covered": 100.0, "percent_covered_display": "100", "missing_lines": 0, "excluded_lines": 0}, "missing_lines": [], "excluded_lines": []}, "AdapterConfig": {"executed_lines": [], "summary": {"covered_lines": 0, "num_statements": 0, "percent_covered": 100.0, "percent_covered_display": "100", "missing_lines": 0, "excluded_lines": 0}, "missing_lines": [], "excluded_lines": []}, "ModeAdapter": {"executed_lines": [167, 169, 174, 175, 176, 178, 180, 183, 192, 198, 199, 204, 205, 206, 207, 208, 210, 211, 213, 222, 223, 225, 226], "summary": {"covered_lines": 23, "num_statements": 94, "percent_covered": 24.46808510638298, "percent_covered_display": "24", "missing_lines": 71, "excluded_lines": 0}, "missing_lines": [102, 104, 105, 106, 107, 108, 109, 110, 111, 112, 113, 115, 119, 120, 121, 122, 123, 124, 125, 129, 132, 133, 134, 136, 137, 138, 139, 140, 141, 142, 144, 145, 146, 147, 148, 149, 152, 153, 154, 155, 156, 157, 158, 159, 160, 161, 163, 179, 181, 214, 215, 220, 230, 234, 265, 266, 269, 287, 291, 294, 295, 298, 310, 319, 321, 324, 325, 327, 328, 330, 332], "excluded_lines": []}, "": {"executed_lines": [1, 11, 12, 13, 14, 17, 18, 20, 21, 22, 23, 24, 27, 28, 38, 39, 40, 44, 54, 55, 56, 58, 59, 60, 61, 62, 63, 64, 65, 66, 69, 70, 81, 82, 83, 86, 87, 88, 91, 117, 127, 165, 194, 228, 255, 271, 300, 312], "summary": {"covered_lines": 43, "num_statements": 43, "percent_covered": 100.0, "percent_covered_display": "100", "missing_lines": 0, "excluded_lines": 0}, "missing_lines": [], "excluded_lines": []}}}, "src/huskycat/core/adapters/ci.py": {"executed_lines": [1, 11, 14, 15, 27, 28, 29, 31, 32, 33, 43, 48, 51, 52, 53, 55, 56, 57, 58, 61, 63], "summary": {"covered_lines": 19, "num_statements": 20, "percent_covered": 95.0, "percent_covered_display": "95", "missing_lines": 1, "excluded_lines": 0}, "missing_lines": [65], "excluded_lines": [], "functions": {"CIAdapter.name": {"executed_lines": [29], "summary": {"covered_lines": 1, "num_statements": 1, "percent_covered": 100.0, "percent_covered_display": "100", "missing_lines": 0, "excluded_lines": 0}, "missing_lines": [], "excluded_lines": []}, "CIAdapter.config": {"executed_lines": [33], "summary": {"covered_lines": 1, "num_statements": 1, "percent_covered": 100.0, "percent_covered_display": "100", "missing_lines": 0, "excluded_lines": 0}, "missing_lines": [], "excluded_lines": []}, "CIAdapter.format_output": {"executed_lines": [48, 51, 52, 53, 55, 56, 57, 58, 61], "summary": {"covered_lines": 9, "num_statements": 9, "percent_covered": 100.0, "percent_covered_display": "100", "missing_lines": 0, "excluded_lines": 0}, "missing_lines": [], "excluded_lines": []}, "CIAdapter.get_tool_selection": {"executed_lines": [], "summary": {"covered_lines": 0, "num_statements": 1, "percent_covered": 0.0, "percent_covered_display": "0", "missing_lines": 1, "excluded_lines": 0}, "missing_lines": [65], "excluded_lines": []}, "": {"executed_lines": [1, 11, 14, 15, 27, 28, 31, 32, 43, 63], "summary": {"covered_lines": 8, "num_statements": 8, "percent_covered": 100.0, "percent_covered_display": "100", "missing_lines": 0, "excluded_lines": 0}, "missing_lines": [], "excluded_lines": []}}, "classes": {"CIAdapter": {"executed_lines": [29, 33, 48, 51, 52, 53, 55, 56, 57, 58, 61], "summary": {"covered_lines": 11, "num_statements": 12, "percent_covered": 91.66666666666667, "percent_covered_display": "92", "missing_lines": 1, "excluded_lines": 0}, "missing_lines": [65], "excluded_lines": []}, "": {"executed_lines": [1, 11, 14, 15, 27, 28, 31, 32, 43, 63], "summary": {"covered_lines": 8, "num_statements": 8, "percent_covered": 100.0, "percent_covered_display": "100", "missing_lines": 0, "excluded_lines": 0}, "missing_lines": [], "excluded_lines": []}}}, "src/huskycat/core/adapters/cli.py": {"executed_lines": [1, 11, 13, 16, 17, 29, 30, 31, 33, 34, 35, 44, 48, 49, 50, 51, 52, 55, 56, 59, 62, 64, 71, 77, 83, 84, 87, 90, 123, 124], "summary": {"covered_lines": 28, "num_statements": 61, "percent_covered": 45.90163934426229, "percent_covered_display": "46", "missing_lines": 33, "excluded_lines": 0}, "missing_lines": [57, 65, 66, 68, 72, 73, 75, 78, 79, 81, 85, 91, 92, 94, 95, 97, 98, 99, 101, 102, 103, 104, 106, 107, 109, 111, 112, 113, 115, 117, 118, 119, 121], "excluded_lines": [], "functions": {"CLIAdapter.name": {"executed_lines": [31], "summary": {"covered_lines": 1, "num_statements": 1, "percent_covered": 100.0, "percent_covered_display": "100", "missing_lines": 0, "excluded_lines": 0}, "missing_lines": [], "excluded_lines": []}, "CLIAdapter.config": {"executed_lines": [35], "summary": {"covered_lines": 1, "num_statements": 1, "percent_covered": 100.0, "percent_covered_display": "100", "missing_lines": 0, "excluded_lines": 0}, "missing_lines": [], "excluded_lines": []}, "CLIAdapter.format_output": {"executed_lines": [48, 49, 50, 51, 52, 55, 56, 59, 62, 64, 71, 77, 83, 84, 87, 90, 123, 124], "summary": {"covered_lines": 18, "num_statements": 51, "percent_covered": 35.294117647058826, "percent_covered_display": "35", "missing_lines": 33, "excluded_lines": 0}, "missing_lines": [57, 65, 66, 68, 72, 73, 75, 78, 79, 81, 85, 91, 92, 94, 95, 97, 98, 99, 101, 102, 103, 104, 106, 107, 109, 111, 112, 113, 115, 117, 118, 119, 121], "excluded_lines": []}, "": {"executed_lines": [1, 11, 13, 16, 17, 29, 30, 33, 34, 44], "summary": {"covered_lines": 8, "num_statements": 8, "percent_covered": 100.0, "percent_covered_display": "100", "missing_lines": 0, "excluded_lines": 0}, "missing_lines": [], "excluded_lines": []}}, "classes": {"CLIAdapter": {"executed_lines": [31, 35, 48, 49, 50, 51, 52, 55, 56, 59, 62, 64, 71, 77, 83, 84, 87, 90, 123, 124], "summary": {"covered_lines": 20, "num_statements": 53, "percent_covered": 37.735849056603776, "percent_covered_display": "38", "missing_lines": 33, "excluded_lines": 0}, "missing_lines": [57, 65, 66, 68, 72, 73, 75, 78, 79, 81, 85, 91, 92, 94, 95, 97, 98, 99, 101, 102, 103, 104, 106, 107, 109, 111, 112, 113, 115, 117, 118, 119, 121], "excluded_lines": []}, "": {"executed_lines": [1, 11, 13, 16, 17, 29, 30, 33, 34, 44], "summary": {"covered_lines": 8, "num_statements": 8, "percent_covered": 100.0, "percent_covered_display": "100", "missing_lines": 0, "excluded_lines": 0}, "missing_lines": [], "excluded_lines": []}}}, "src/huskycat/core/adapters/git_hooks.py": {"executed_lines": [1, 11, 13, 16, 17, 28, 29, 30, 32, 33, 35, 37, 46], "summary": {"covered_lines": 11, "num_statements": 15, "percent_covered": 73.33333333333333, "percent_covered_display": "73", "missing_lines": 4, "excluded_lines": 0}, "missing_lines": [50, 52, 54, 57], "excluded_lines": [], "functions": {"GitHooksAdapter.name": {"executed_lines": [30], "summary": {"covered_lines": 1, "num_statements": 1, "percent_covered": 100.0, "percent_covered_display": "100", "missing_lines": 0, "excluded_lines": 0}, "missing_lines": [], "excluded_lines": []}, "GitHooksAdapter.config": {"executed_lines": [35, 37], "summary": {"covered_lines": 2, "num_statements": 2, "percent_covered": 100.0, "percent_covered_display": "100", "missing_lines": 0, "excluded_lines": 0}, "missing_lines": [], "excluded_lines": []}, "GitHooksAdapter.format_output": {"executed_lines": [], "summary": {"covered_lines": 0, "num_statements": 4, "percent_covered": 0.0, "percent_covered_display": "0", "missing_lines": 4, "excluded_lines": 0}, "missing_lines": [50, 52, 54, 57], "excluded_lines": []}, "": {"executed_lines": [1, 11, 13, 16, 17, 28, 29, 32, 33, 46], "summary": {"covered_lines": 8, "num_statements": 8, "percent_covered": 100.0, "percent_covered_display": "100", "missing_lines": 0, "excluded_lines": 0}, "missing_lines": [], "excluded_lines": []}}, "classes": {"GitHooksAdapter": {"executed_lines": [30, 35, 37], "summary": {"covered_lines": 3, "num_statements": 7, "percent_covered": 42.857142857142854, "percent_covered_display": "43", "missing_lines": 4, "excluded_lines": 0}, "missing_lines": [50, 52, 54, 57], "excluded_lines": []}, "": {"executed_lines": [1, 11, 13, 16, 17, 28, 29, 32, 33, 46], "summary": {"covered_lines": 8, "num_statements": 8, "percent_covered": 100.0, "percent_covered_display": "100", "missing_lines": 0, "excluded_lines": 0}, "missing_lines": [], "excluded_lines": []}}}, "src/huskycat/core/adapters/git_hooks_nonblocking.py": {"executed_lines": [1, 32, 33, 34, 36, 37, 38, 39, 42, 43, 61, 68, 69, 70, 72, 73, 74, 76, 77, 84, 86, 95, 113, 115, 116, 117, 120, 124, 132, 134, 148, 257, 274, 276, 291, 294, 295, 307, 308, 309, 317, 318, 321, 322, 325, 326, 329, 332, 334, 350, 352, 354], "summary": {"covered_lines": 50, "num_statements": 94, "percent_covered": 53.191489361702125, "percent_covered_display": "53", "missing_lines": 44, "excluded_lines": 0}, "missing_lines": [146, 164, 167, 169, 170, 171, 174, 177, 184, 187, 195, 196, 197, 198, 201, 202, 205, 206, 207, 209, 210, 211, 214, 217, 218, 219, 220, 222, 223, 224, 225, 226, 227, 228, 230, 231, 234, 235, 237, 250, 253, 254, 255, 330], "excluded_lines": [], "functions": {"NonBlockingGitHooksAdapter.__init__": {"executed_lines": [68, 69, 70], "summary": {"covered_lines": 3, "num_statements": 3, "percent_covered": 100.0, "percent_covered_display": "100", "missing_lines": 0, "excluded_lines": 0}, "missing_lines": [], "excluded_lines": []}, "NonBlockingGitHooksAdapter.name": {"executed_lines": [74], "summary": {"covered_lines": 1, "num_statements": 1, "percent_covered": 100.0, "percent_covered_display": "100", "missing_lines": 0, "excluded_lines": 0}, "missing_lines": [], "excluded_lines": []}, "NonBlockingGitHooksAdapter.config": {"executed_lines": [84, 86], "summary": {"covered_lines": 2, "num_statements": 2, "percent_covered": 100.0, "percent_covered_display": "100", "missing_lines": 0, "excluded_lines": 0}, "missing_lines": [], "excluded_lines": []}, "NonBlockingGitHooksAdapter.execute_validation": {"executed_lines": [113, 115, 116, 117, 120, 124, 132], "summary": {"covered_lines": 7, "num_statements": 7, "percent_covered": 100.0, "percent_covered_display": "100", "missing_lines": 0, "excluded_lines": 0}, "missing_lines": [], "excluded_lines": []}, "NonBlockingGitHooksAdapter._run_validation_child_wrapper": {"executed_lines": [], "summary": {"covered_lines": 0, "num_statements": 1, "percent_covered": 0.0, "percent_covered_display": "0", "missing_lines": 1, "excluded_lines": 0}, "missing_lines": [146], "excluded_lines": []}, "NonBlockingGitHooksAdapter._run_validation_child": {"executed_lines": [], "summary": {"covered_lines": 0, "num_statements": 35, "percent_covered": 0.0, "percent_covered_display": "0", "missing_lines": 35, "excluded_lines": 0}, "missing_lines": [164, 167, 169, 170, 171, 174, 201, 202, 205, 206, 207, 209, 210, 211, 214, 217, 218, 219, 220, 222, 223, 224, 225, 226, 227, 228, 230, 231, 234, 235, 237, 250, 253, 254, 255], "excluded_lines": []}, "NonBlockingGitHooksAdapter._run_validation_child.on_progress": {"executed_lines": [], "summary": {"covered_lines": 0, "num_statements": 7, "percent_covered": 0.0, "percent_covered_display": "0", "missing_lines": 7, "excluded_lines": 0}, "missing_lines": [177, 184, 187, 195, 196, 197, 198], "excluded_lines": []}, "NonBlockingGitHooksAdapter.format_output": {"executed_lines": [274], "summary": {"covered_lines": 1, "num_statements": 1, "percent_covered": 100.0, "percent_covered_display": "100", "missing_lines": 0, "excluded_lines": 0}, "missing_lines": [], "excluded_lines": []}, "NonBlockingGitHooksAdapter.get_all_validation_tools": {"executed_lines": [291, 294, 295, 307, 308, 309, 317, 318, 321, 322, 325, 326, 329, 332], "summary": {"covered_lines": 14, "num_statements": 15, "percent_covered": 93.33333333333333, "percent_covered_display": "93", "missing_lines": 1, "excluded_lines": 0}, "missing_lines": [330], "excluded_lines": []}, "NonBlockingGitHooksAdapter._placeholder_tool": {"executed_lines": [350, 352, 354], "summary": {"covered_lines": 3, "num_statements": 3, "percent_covered": 100.0, "percent_covered_display": "100", "missing_lines": 0, "excluded_lines": 0}, "missing_lines": [], "excluded_lines": []}, "": {"executed_lines": [1, 32, 33, 34, 36, 37, 38, 39, 42, 43, 61, 72, 73, 76, 77, 95, 134, 148, 257, 276, 334], "summary": {"covered_lines": 19, "num_statements": 19, "percent_covered": 100.0, "percent_covered_display": "100", "missing_lines": 0, "excluded_lines": 0}, "missing_lines": [], "excluded_lines": []}}, "classes": {"NonBlockingGitHooksAdapter": {"executed_lines": [68, 69, 70, 74, 84, 86, 113, 115, 116, 117, 120, 124, 132, 274, 291, 294, 295, 307, 308, 309, 317, 318, 321, 322, 325, 326, 329, 332, 350, 352, 354], "summary": {"covered_lines": 31, "num_statements": 75, "percent_covered": 41.333333333333336, "percent_covered_display": "41", "missing_lines": 44, "excluded_lines": 0}, "missing_lines": [146, 164, 167, 169, 170, 171, 174, 177, 184, 187, 195, 196, 197, 198, 201, 202, 205, 206, 207, 209, 210, 211, 214, 217, 218, 219, 220, 222, 223, 224, 225, 226, 227, 228, 230, 231, 234, 235, 237, 250, 253, 254, 255, 330], "excluded_lines": []}, "": {"executed_lines": [1, 32, 33, 34, 36, 37, 38, 39, 42, 43, 61, 72, 73, 76, 77, 95, 134, 148, 257, 276, 334], "summary": {"covered_lines": 19, "num_statements": 19, "percent_covered": 100.0, "percent_covered_display": "100", "missing_lines": 0, "excluded_lines": 0}, "missing_lines": [], "excluded_lines": []}}}, "src/huskycat/core/adapters/mcp.py": {"executed_lines": [1, 10, 13, 14, 26, 27, 30, 31, 42, 63, 95, 112], "summary": {"covered_lines": 10, "num_statements": 39, "percent_covered": 25.641025641025642, "percent_covered_display": "26", "missing_lines": 29, "excluded_lines": 0}, "missing_lines": [28, 32, 49, 51, 65, 67, 68, 69, 71, 72, 74, 78, 79, 80, 81, 83, 84, 85, 86, 88, 89, 90, 91, 93, 106, 125, 129, 130, 132], "excluded_lines": [], "functions": {"MCPAdapter.name": {"executed_lines": [], "summary": {"covered_lines": 0, "num_statements": 1, "percent_covered": 0.0, "percent_covered_display": "0", "missing_lines": 1, "excluded_lines": 0}, "missing_lines": [28], "excluded_lines": []}, "MCPAdapter.config": {"executed_lines": [], "summary": {"covered_lines": 0, "num_statements": 1, "percent_covered": 0.0, "percent_covered_display": "0", "missing_lines": 1, "excluded_lines": 0}, "missing_lines": [32], "excluded_lines": []}, "MCPAdapter.format_output": {"executed_lines": [], "summary": {"covered_lines": 0, "num_statements": 2, "percent_covered": 0.0, "percent_covered_display": "0", "missing_lines": 2, "excluded_lines": 0}, "missing_lines": [49, 51], "excluded_lines": []}, "MCPAdapter._format_mcp_text": {"executed_lines": [], "summary": {"covered_lines": 0, "num_statements": 20, "percent_covered": 0.0, "percent_covered_display": "0", "missing_lines": 20, "excluded_lines": 0}, "missing_lines": [65, 67, 68, 69, 71, 72, 74, 78, 79, 80, 81, 83, 84, 85, 86, 88, 89, 90, 91, 93], "excluded_lines": []}, "MCPAdapter.wrap_jsonrpc_response": {"executed_lines": [], "summary": {"covered_lines": 0, "num_statements": 1, "percent_covered": 0.0, "percent_covered_display": "0", "missing_lines": 1, "excluded_lines": 0}, "missing_lines": [106], "excluded_lines": []}, "MCPAdapter.wrap_jsonrpc_error": {"executed_lines": [], "summary": {"covered_lines": 0, "num_statements": 4, "percent_covered": 0.0, "percent_covered_display": "0", "missing_lines": 4, "excluded_lines": 0}, "missing_lines": [125, 129, 130, 132], "excluded_lines": []}, "": {"executed_lines": [1, 10, 13, 14, 26, 27, 30, 31, 42, 63, 95, 112], "summary": {"covered_lines": 10, "num_statements": 10, "percent_covered": 100.0, "percent_covered_display": "100", "missing_lines": 0, "excluded_lines": 0}, "missing_lines": [], "excluded_lines": []}}, "classes": {"MCPAdapter": {"executed_lines": [], "summary": {"covered_lines": 0, "num_statements": 29, "percent_covered": 0.0, "percent_covered_display": "0", "missing_lines": 29, "excluded_lines": 0}, "missing_lines": [28, 32, 49, 51, 65, 67, 68, 69, 71, 72, 74, 78, 79, 80, 81, 83, 84, 85, 86, 88, 89, 90, 91, 93, 106, 125, 129, 130, 132], "excluded_lines": []}, "": {"executed_lines": [1, 10, 13, 14, 26, 27, 30, 31, 42, 63, 95, 112], "summary": {"covered_lines": 10, "num_statements": 10, "percent_covered": 100.0, "percent_covered_display": "100", "missing_lines": 0, "excluded_lines": 0}, "missing_lines": [], "excluded_lines": []}}}, "src/huskycat/core/adapters/pipeline.py": {"executed_lines": [1, 11, 14, 15, 27, 28, 29, 31, 32, 33, 43, 50, 52], "summary": {"covered_lines": 11, "num_statements": 21, "percent_covered": 52.38095238095238, "percent_covered_display": "52", "missing_lines": 10, "excluded_lines": 0}, "missing_lines": [63, 64, 65, 67, 68, 69, 70, 71, 72, 74], "excluded_lines": [], "functions": {"PipelineAdapter.name": {"executed_lines": [29], "summary": {"covered_lines": 1, "num_statements": 1, "percent_covered": 100.0, "percent_covered_display": "100", "missing_lines": 0, "excluded_lines": 0}, "missing_lines": [], "excluded_lines": []}, "PipelineAdapter.config": {"executed_lines": [33], "summary": {"covered_lines": 1, "num_statements": 1, "percent_covered": 100.0, "percent_covered_display": "100", "missing_lines": 0, "excluded_lines": 0}, "missing_lines": [], "excluded_lines": []}, "PipelineAdapter.format_output": {"executed_lines": [50], "summary": {"covered_lines": 1, "num_statements": 1, "percent_covered": 100.0, "percent_covered_display": "100", "missing_lines": 0, "excluded_lines": 0}, "missing_lines": [], "excluded_lines": []}, "PipelineAdapter.get_exit_code": {"executed_lines": [], "summary": {"covered_lines": 0, "num_statements": 10, "percent_covered": 0.0, "percent_covered_display": "0", "missing_lines": 10, "excluded_lines": 0}, "missing_lines": [63, 64, 65, 67, 68, 69, 70, 71, 72, 74], "excluded_lines": []}, "": {"executed_lines": [1, 11, 14, 15, 27, 28, 31, 32, 43, 52], "summary": {"covered_lines": 8, "num_statements": 8, "percent_covered": 100.0, "percent_covered_display": "100", "missing_lines": 0, "excluded_lines": 0}, "missing_lines": [], "excluded_lines": []}}, "classes": {"PipelineAdapter": {"executed_lines": [29, 33, 50], "summary": {"covered_lines": 3, "num_statements": 13, "percent_covered": 23.076923076923077, "percent_covered_display": "23", "missing_lines": 10, "excluded_lines": 0}, "missing_lines": [63, 64, 65, 67, 68, 69, 70, 71, 72, 74], "excluded_lines": []}, "": {"executed_lines": [1, 11, 14, 15, 27, 28, 31, 32, 43, 52], "summary": {"covered_lines": 8, "num_statements": 8, "percent_covered": 100.0, "percent_covered_display": "100", "missing_lines": 0, "excluded_lines": 0}, "missing_lines": [], "excluded_lines": []}}}, "src/huskycat/core/base.py": {"executed_lines": [1, 5, 6, 7, 8, 9, 11, 15, 16, 18, 19, 20, 21, 24, 25, 26, 28, 29, 30, 31, 32, 34, 41, 42, 44, 63, 64, 72, 73, 74, 77, 78, 79, 82, 93], "summary": {"covered_lines": 30, "num_statements": 41, "percent_covered": 73.17073170731707, "percent_covered_display": "73", "missing_lines": 11, "excluded_lines": 2}, "missing_lines": [35, 36, 37, 38, 58, 59, 60, 61, 89, 95, 96], "excluded_lines": [11, 12], "functions": {"CommandResult.__post_init__": {"executed_lines": [], "summary": {"covered_lines": 0, "num_statements": 4, "percent_covered": 0.0, "percent_covered_display": "0", "missing_lines": 4, "excluded_lines": 0}, "missing_lines": [35, 36, 37, 38], "excluded_lines": []}, "BaseCommand.__init__": {"executed_lines": [], "summary": {"covered_lines": 0, "num_statements": 4, "percent_covered": 0.0, "percent_covered_display": "0", "missing_lines": 4, "excluded_lines": 0}, "missing_lines": [58, 59, 60, 61], "excluded_lines": []}, "BaseCommand.execute": {"executed_lines": [], "summary": {"covered_lines": 0, "num_statements": 0, "percent_covered": 100.0, "percent_covered_display": "100", "missing_lines": 0, "excluded_lines": 0}, "missing_lines": [], "excluded_lines": []}, "BaseCommand.name": {"executed_lines": [], "summary": {"covered_lines": 0, "num_statements": 0, "percent_covered": 100.0, "percent_covered_display": "100", "missing_lines": 0, "excluded_lines": 0}, "missing_lines": [], "excluded_lines": []}, "BaseCommand.description": {"executed_lines": [], "summary": {"covered_lines": 0, "num_statements": 0, "percent_covered": 100.0, "percent_covered_display": "100", "missing_lines": 0, "excluded_lines": 0}, "missing_lines": [], "excluded_lines": []}, "BaseCommand.validate_prerequisites": {"executed_lines": [], "summary": {"covered_lines": 0, "num_statements": 1, "percent_covered": 0.0, "percent_covered_display": "0", "missing_lines": 1, "excluded_lines": 0}, "missing_lines": [89], "excluded_lines": []}, "BaseCommand.log": {"executed_lines": [], "summary": {"covered_lines": 0, "num_statements": 2, "percent_covered": 0.0, "percent_covered_display": "0", "missing_lines": 2, "excluded_lines": 0}, "missing_lines": [95, 96], "excluded_lines": []}, "": {"executed_lines": [1, 5, 6, 7, 8, 9, 11, 15, 16, 18, 19, 20, 21, 24, 25, 26, 28, 29, 30, 31, 32, 34, 41, 42, 44, 63, 64, 72, 73, 74, 77, 78, 79, 82, 93], "summary": {"covered_lines": 30, "num_statements": 30, "percent_covered": 100.0, "percent_covered_display": "100", "missing_lines": 0, "excluded_lines": 2}, "missing_lines": [], "excluded_lines": [11, 12]}}, "classes": {"CommandStatus": {"executed_lines": [], "summary": {"covered_lines": 0, "num_statements": 0, "percent_covered": 100.0, "percent_covered_display": "100", "missing_lines": 0, "excluded_lines": 0}, "missing_lines": [], "excluded_lines": []}, "CommandResult": {"executed_lines": [], "summary": {"covered_lines": 0, "num_statements": 4, "percent_covered": 0.0, "percent_covered_display": "0", "missing_lines": 4, "excluded_lines": 0}, "missing_lines": [35, 36, 37, 38], "excluded_lines": []}, "BaseCommand": {"executed_lines": [], "summary": {"covered_lines": 0, "num_statements": 7, "percent_covered": 0.0, "percent_covered_display": "0", "missing_lines": 7, "excluded_lines": 0}, "missing_lines": [58, 59, 60, 61, 89, 95, 96], "excluded_lines": []}, "": {"executed_lines": [1, 5, 6, 7, 8, 9, 11, 15, 16, 18, 19, 20, 21, 24, 25, 26, 28, 29, 30, 31, 32, 34, 41, 42, 44, 63, 64, 72, 73, 74, 77, 78, 79, 82, 93], "summary": {"covered_lines": 30, "num_statements": 30, "percent_covered": 100.0, "percent_covered_display": "100", "missing_lines": 0, "excluded_lines": 2}, "missing_lines": [], "excluded_lines": [11, 12]}}}, "src/huskycat/core/config.py": {"executed_lines": [1, 12, 13, 14, 15, 17, 20, 21, 31, 38, 39, 40, 42, 49, 52, 53, 54, 55, 64, 67, 68, 69, 72, 73, 91, 93, 96, 98, 99, 109, 120, 121, 123, 124, 125, 126, 131, 133, 144, 146, 147, 149, 151, 152, 156, 157, 161, 162, 166, 174, 175, 177, 179, 190, 193, 211], "summary": {"covered_lines": 54, "num_statements": 83, "percent_covered": 65.06024096385542, "percent_covered_display": "65", "missing_lines": 29, "excluded_lines": 0}, "missing_lines": [58, 59, 60, 62, 74, 75, 78, 79, 80, 81, 83, 85, 86, 88, 100, 101, 104, 105, 107, 127, 129, 154, 159, 164, 186, 205, 206, 208, 219], "excluded_lines": [], "functions": {"HuskyCatConfig.__init__": {"executed_lines": [38, 39, 40], "summary": {"covered_lines": 3, "num_statements": 3, "percent_covered": 100.0, "percent_covered_display": "100", "missing_lines": 0, "excluded_lines": 0}, "missing_lines": [], "excluded_lines": []}, "HuskyCatConfig._find_config_file": {"executed_lines": [49, 52, 53, 54, 55], "summary": {"covered_lines": 5, "num_statements": 9, "percent_covered": 55.55555555555556, "percent_covered_display": "56", "missing_lines": 4, "excluded_lines": 0}, "missing_lines": [58, 59, 60, 62], "excluded_lines": []}, "HuskyCatConfig._load_config": {"executed_lines": [67, 68, 69, 72, 73, 91], "summary": {"covered_lines": 6, "num_statements": 16, "percent_covered": 37.5, "percent_covered_display": "38", "missing_lines": 10, "excluded_lines": 0}, "missing_lines": [74, 75, 78, 79, 80, 81, 83, 85, 86, 88], "excluded_lines": []}, "HuskyCatConfig._apply_env_overrides": {"executed_lines": [96, 98, 99], "summary": {"covered_lines": 3, "num_statements": 8, "percent_covered": 37.5, "percent_covered_display": "38", "missing_lines": 5, "excluded_lines": 0}, "missing_lines": [100, 101, 104, 105, 107], "excluded_lines": []}, "HuskyCatConfig.get": {"executed_lines": [120, 121, 123, 124, 125, 126, 131], "summary": {"covered_lines": 7, "num_statements": 9, "percent_covered": 77.77777777777777, "percent_covered_display": "78", "missing_lines": 2, "excluded_lines": 0}, "missing_lines": [127, 129], "excluded_lines": []}, "HuskyCatConfig.get_feature_flag": {"executed_lines": [144], "summary": {"covered_lines": 1, "num_statements": 1, "percent_covered": 100.0, "percent_covered_display": "100", "missing_lines": 0, "excluded_lines": 0}, "missing_lines": [], "excluded_lines": []}, "HuskyCatConfig.nonblocking_hooks_enabled": {"executed_lines": [149], "summary": {"covered_lines": 1, "num_statements": 1, "percent_covered": 100.0, "percent_covered_display": "100", "missing_lines": 0, "excluded_lines": 0}, "missing_lines": [], "excluded_lines": []}, "HuskyCatConfig.parallel_execution_enabled": {"executed_lines": [], "summary": {"covered_lines": 0, "num_statements": 1, "percent_covered": 0.0, "percent_covered_display": "0", "missing_lines": 1, "excluded_lines": 0}, "missing_lines": [154], "excluded_lines": []}, "HuskyCatConfig.tui_progress_enabled": {"executed_lines": [], "summary": {"covered_lines": 0, "num_statements": 1, "percent_covered": 0.0, "percent_covered_display": "0", "missing_lines": 1, "excluded_lines": 0}, "missing_lines": [159], "excluded_lines": []}, "HuskyCatConfig.cache_results_enabled": {"executed_lines": [], "summary": {"covered_lines": 0, "num_statements": 1, "percent_covered": 0.0, "percent_covered_display": "0", "missing_lines": 1, "excluded_lines": 0}, "missing_lines": [164], "excluded_lines": []}, "HuskyCatConfig.set_feature_flag": {"executed_lines": [174, 175, 177], "summary": {"covered_lines": 3, "num_statements": 3, "percent_covered": 100.0, "percent_covered_display": "100", "missing_lines": 0, "excluded_lines": 0}, "missing_lines": [], "excluded_lines": []}, "HuskyCatConfig.to_dict": {"executed_lines": [], "summary": {"covered_lines": 0, "num_statements": 1, "percent_covered": 0.0, "percent_covered_display": "0", "missing_lines": 1, "excluded_lines": 0}, "missing_lines": [186], "excluded_lines": []}, "get_config": {"executed_lines": [], "summary": {"covered_lines": 0, "num_statements": 3, "percent_covered": 0.0, "percent_covered_display": "0", "missing_lines": 3, "excluded_lines": 0}, "missing_lines": [205, 206, 208], "excl
[...]
m_statements": 3, "percent_covered": 0.0, "percent_covered_display": "0", "missing_lines": 3, "excluded_lines": 0}, "missing_lines": [1308, 1309, 1321], "excluded_lines": []}, "AnsibleLintValidator.validate": {"executed_lines": [], "summary": {"covered_lines": 0, "num_statements": 24, "percent_covered": 0.0, "percent_covered_display": "0", "missing_lines": 24, "excluded_lines": 0}, "missing_lines": [1324, 1327, 1334, 1335, 1338, 1340, 1342, 1351, 1352, 1353, 1355, 1366, 1368, 1374, 1378, 1379, 1389, 1390, 1395, 1397, 1408, 1419, 1430, 1431], "excluded_lines": []}, "YamlLintValidator.name": {"executed_lines": [], "summary": {"covered_lines": 0, "num_statements": 1, "percent_covered": 0.0, "percent_covered_display": "0", "missing_lines": 1, "excluded_lines": 0}, "missing_lines": [1448], "excluded_lines": []}, "YamlLintValidator.extensions": {"executed_lines": [], "summary": {"covered_lines": 0, "num_statements": 1, "percent_covered": 0.0, "percent_covered_display": "0", "missing_lines": 1, "excluded_lines": 0}, "missing_lines": [1452], "excluded_lines": []}, "YamlLintValidator._auto_fix_yaml": {"executed_lines": [], "summary": {"covered_lines": 0, "num_statements": 17, "percent_covered": 0.0, "percent_covered_display": "0", "missing_lines": 17, "excluded_lines": 0}, "missing_lines": [1456, 1457, 1458, 1460, 1463, 1464, 1467, 1468, 1469, 1472, 1473, 1474, 1475, 1477, 1478, 1479, 1480], "excluded_lines": []}, "YamlLintValidator.validate": {"executed_lines": [], "summary": {"covered_lines": 0, "num_statements": 20, "percent_covered": 0.0, "percent_covered_display": "0", "missing_lines": 20, "excluded_lines": 0}, "missing_lines": [1483, 1486, 1487, 1488, 1490, 1492, 1493, 1496, 1498, 1499, 1508, 1509, 1511, 1512, 1513, 1514, 1515, 1517, 1525, 1526], "excluded_lines": []}, "HadolintValidator.name": {"executed_lines": [], "summary": {"covered_lines": 0, "num_statements": 1, "percent_covered": 0.0, "percent_covered_display": "0", "missing_lines": 1, "excluded_lines": 0}, "missing_lines": [1543], "excluded_lines": []}, "HadolintValidator.extensions": {"executed_lines": [], "summary": {"covered_lines": 0, "num_statements": 1, "percent_covered": 0.0, "percent_covered_display": "0", "missing_lines": 1, "excluded_lines": 0}, "missing_lines": [1548], "excluded_lines": []}, "HadolintValidator.can_handle": {"executed_lines": [], "summary": {"covered_lines": 0, "num_statements": 1, "percent_covered": 0.0, "percent_covered_display": "0", "missing_lines": 1, "excluded_lines": 0}, "missing_lines": [1552], "excluded_lines": []}, "HadolintValidator.validate": {"executed_lines": [], "summary": {"covered_lines": 0, "num_statements": 17, "percent_covered": 0.0, "percent_covered_display": "0", "missing_lines": 17, "excluded_lines": 0}, "missing_lines": [1558, 1559, 1561, 1562, 1565, 1567, 1568, 1576, 1577, 1579, 1580, 1581, 1582, 1584, 1586, 1594, 1595], "excluded_lines": []}, "ShellcheckValidator.name": {"executed_lines": [], "summary": {"covered_lines": 0, "num_statements": 1, "percent_covered": 0.0, "percent_covered_display": "0", "missing_lines": 1, "excluded_lines": 0}, "missing_lines": [1612], "excluded_lines": []}, "ShellcheckValidator.extensions": {"executed_lines": [], "summary": {"covered_lines": 0, "num_statements": 1, "percent_covered": 0.0, "percent_covered_display": "0", "missing_lines": 1, "excluded_lines": 0}, "missing_lines": [1616], "excluded_lines": []}, "ShellcheckValidator.validate": {"executed_lines": [], "summary": {"covered_lines": 0, "num_statements": 21, "percent_covered": 0.0, "percent_covered_display": "0", "missing_lines": 21, "excluded_lines": 0}, "missing_lines": [1619, 1620, 1622, 1623, 1626, 1628, 1629, 1637, 1638, 1640, 1641, 1642, 1643, 1644, 1645, 1647, 1648, 1649, 1651, 1659, 1660], "excluded_lines": []}, "GitLabCIValidator.name": {"executed_lines": [], "summary": {"covered_lines": 0, "num_statements": 1, "percent_covered": 0.0, "percent_covered_display": "0", "missing_lines": 1, "excluded_lines": 0}, "missing_lines": [1674], "excluded_lines": []}, "GitLabCIValidator.extensions": {"executed_lines": [], "summary": {"covered_lines": 0, "num_statements": 1, "percent_covered": 0.0, "percent_covered_display": "0", "missing_lines": 1, "excluded_lines": 0}, "missing_lines": [1678], "excluded_lines": []}, "GitLabCIValidator.is_available": {"executed_lines": [], "summary": {"covered_lines": 0, "num_statements": 5, "percent_covered": 0.0, "percent_covered_display": "0", "missing_lines": 5, "excluded_lines": 0}, "missing_lines": [1682, 1683, 1685, 1686, 1687], "excluded_lines": []}, "GitLabCIValidator.can_handle": {"executed_lines": [], "summary": {"covered_lines": 0, "num_statements": 7, "percent_covered": 0.0, "percent_covered_display": "0", "missing_lines": 7, "excluded_lines": 0}, "missing_lines": [1691, 1692, 1695, 1696, 1699, 1702, 1704], "excluded_lines": []}, "GitLabCIValidator.validate": {"executed_lines": [], "summary": {"covered_lines": 0, "num_statements": 28, "percent_covered": 0.0, "percent_covered_display": "0", "missing_lines": 28, "excluded_lines": 0}, "missing_lines": [1708, 1711, 1714, 1715, 1718, 1719, 1720, 1721, 1723, 1724, 1725, 1727, 1739, 1740, 1741, 1742, 1743, 1745, 1746, 1756, 1757, 1760, 1762, 1764, 1773, 1774, 1783, 1784], "excluded_lines": []}, "ValidationEngine.__init__": {"executed_lines": [], "summary": {"covered_lines": 0, "num_statements": 6, "percent_covered": 0.0, "percent_covered_display": "0", "missing_lines": 6, "excluded_lines": 0}, "missing_lines": [1803, 1804, 1805, 1806, 1807, 1808], "excluded_lines": []}, "ValidationEngine._initialize_validators": {"executed_lines": [], "summary": {"covered_lines": 0, "num_statements": 8, "percent_covered": 0.0, "percent_covered_display": "0", "missing_lines": 8, "excluded_lines": 0}, "missing_lines": [1812, 1833, 1834, 1835, 1836, 1837, 1839, 1841], "excluded_lines": []}, "ValidationEngine._build_extension_map": {"executed_lines": [], "summary": {"covered_lines": 0, "num_statements": 7, "percent_covered": 0.0, "percent_covered_display": "0", "missing_lines": 7, "excluded_lines": 0}, "missing_lines": [1845, 1846, 1847, 1848, 1849, 1850, 1851], "excluded_lines": []}, "ValidationEngine.get_validators_for_file": {"executed_lines": [], "summary": {"covered_lines": 0, "num_statements": 5, "percent_covered": 0.0, "percent_covered_display": "0", "missing_lines": 5, "excluded_lines": 0}, "missing_lines": [1855, 1858, 1859, 1860, 1862], "excluded_lines": []}, "ValidationEngine.validate_file": {"executed_lines": [], "summary": {"covered_lines": 0, "num_statements": 25, "percent_covered": 0.0, "percent_covered_display": "0", "missing_lines": 25, "excluded_lines": 0}, "missing_lines": [1871, 1874, 1876, 1877, 1878, 1879, 1880, 1881, 1882, 1884, 1885, 1888, 1895, 1898, 1901, 1902, 1903, 1905, 1906, 1907, 1910, 1911, 1912, 1913, 1915], "excluded_lines": []}, "ValidationEngine.validate_directory": {"executed_lines": [], "summary": {"covered_lines": 0, "num_statements": 15, "percent_covered": 0.0, "percent_covered_display": "0", "missing_lines": 15, "excluded_lines": 0}, "missing_lines": [1924, 1926, 1927, 1929, 1930, 1932, 1933, 1934, 1935, 1936, 1938, 1939, 1940, 1941, 1943], "excluded_lines": []}, "ValidationEngine.validate_staged_files": {"executed_lines": [], "summary": {"covered_lines": 0, "num_statements": 31, "percent_covered": 0.0, "percent_covered_display": "0", "missing_lines": 31, "excluded_lines": 0}, "missing_lines": [1947, 1949, 1955, 1956, 1957, 1960, 1961, 1962, 1963, 1964, 1965, 1966, 1969, 1970, 1971, 1972, 1973, 1974, 1975, 1977, 1978, 1979, 1980, 1981, 1982, 1983, 1984, 1986, 1988, 1989, 1990], "excluded_lines": []}, "ValidationEngine._count_fixable_issues": {"executed_lines": [], "summary": {"covered_lines": 0, "num_statements": 7, "percent_covered": 0.0, "percent_covered_display": "0", "missing_lines": 7, "excluded_lines": 0}, "missing_lines": [1994, 2006, 2008, 2009, 2010, 2011, 2013], "excluded_lines": []}, "ValidationEngine.get_summary": {"executed_lines": [], "summary": {"covered_lines": 0, "num_statements": 20, "percent_covered": 0.0, "percent_covered_display": "0", "missing_lines": 20, "excluded_lines": 0}, "missing_lines": [2017, 2018, 2019, 2020, 2021, 2023, 2024, 2025, 2026, 2027, 2028, 2029, 2030, 2031, 2032, 2034, 2035, 2036, 2037, 2039], "excluded_lines": []}, "main": {"executed_lines": [], "summary": {"covered_lines": 0, "num_statements": 48, "percent_covered": 0.0, "percent_covered_display": "0", "missing_lines": 48, "excluded_lines": 0}, "missing_lines": [2055, 2057, 2058, 2061, 2064, 2067, 2068, 2072, 2075, 2080, 2081, 2083, 2086, 2087, 2089, 2090, 2091, 2092, 2094, 2097, 2100, 2101, 2108, 2111, 2112, 2113, 2114, 2115, 2116, 2117, 2118, 2119, 2120, 2122, 2123, 2124, 2125, 2126, 2127, 2128, 2129, 2130, 2134, 2135, 2136, 2138, 2139, 2142], "excluded_lines": []}, "": {"executed_lines": [2, 8, 9, 10, 11, 12, 13, 14, 15, 16, 17, 18, 21, 25, 28, 29, 30, 32, 33, 34, 35, 36, 37, 38, 39, 41, 54, 55, 58, 59, 63, 64, 66, 69, 70, 71, 74, 75, 76, 79, 80, 84, 116, 138, 147, 163, 183, 216, 236, 249, 261, 281, 311, 312, 315, 323, 324, 326, 327, 330, 331, 334, 375, 376, 378, 379, 382, 383, 386, 470, 471, 473, 474, 477, 478, 481, 532, 533, 535, 536, 539, 540, 543, 589, 590, 592, 593, 596, 597, 600, 660, 661, 663, 664, 667, 668, 671, 759, 760, 762, 763, 766, 767, 770, 879, 880, 882, 883, 886, 887, 890, 996, 997, 999, 1000, 1003, 1004, 1007, 1074, 1075, 1077, 1078, 1081, 1082, 1085, 1149, 1150, 1152, 1153, 1156, 1157, 1160, 1218, 1219, 1221, 1222, 1225, 1226, 1229, 1293, 1294, 1296, 1297, 1300, 1301, 1305, 1323, 1443, 1444, 1446, 1447, 1450, 1451, 1454, 1482, 1538, 1539, 1541, 1542, 1545, 1546, 1550, 1557, 1607, 1608, 1610, 1611, 1614, 1615, 1618, 1669, 1670, 1672, 1673, 1676, 1677, 1680, 1689, 1706, 1793, 1794, 1796, 1810, 1843, 1853, 1864, 1917, 1945, 1992, 2015, 2053, 2145], "summary": {"covered_lines": 171, "num_statements": 172, "percent_covered": 99.4186046511628, "percent_covered_display": "99", "missing_lines": 1, "excluded_lines": 0}, "missing_lines": [2146], "excluded_lines": []}}, "classes": {"ValidationResult": {"executed_lines": [43, 56, 60], "summary": {"covered_lines": 3, "num_statements": 3, "percent_covered": 100.0, "percent_covered_display": "100", "missing_lines": 0, "excluded_lines": 0}, "missing_lines": [], "excluded_lines": []}, "Validator": {"executed_lines": [67, 82, 92, 94, 99, 101, 125, 126, 129, 136, 141], "summary": {"covered_lines": 11, "num_statements": 73, "percent_covered": 15.068493150684931, "percent_covered_display": "15", "missing_lines": 62, "excluded_lines": 0}, "missing_lines": [96, 97, 103, 105, 106, 109, 110, 111, 114, 131, 132, 133, 153, 154, 155, 157, 158, 159, 161, 169, 170, 171, 177, 178, 179, 180, 181, 194, 196, 198, 199, 201, 203, 204, 206, 208, 209, 212, 213, 214, 226, 228, 229, 232, 234, 247, 255, 257, 258, 259, 263, 267, 279, 290, 291, 292, 295, 296, 297, 298, 301, 317], "excluded_lines": []}, "BlackValidator": {"executed_lines": [], "summary": {"covered_lines": 0, "num_statements": 14, "percent_covered": 0.0, "percent_covered_display": "0", "missing_lines": 14, "excluded_lines": 0}, "missing_lines": [328, 332, 335, 336, 338, 339, 341, 342, 345, 347, 348, 357, 365, 366], "excluded_lines": []}, "AutoflakeValidator": {"executed_lines": [], "summary": {"covered_lines": 0, "num_statements": 18, "percent_covered": 0.0, "percent_covered_display": "0", "missing_lines": 18, "excluded_lines": 0}, "missing_lines": [380, 384, 387, 390, 398, 399, 402, 404, 406, 415, 417, 424, 428, 429, 438, 452, 460, 461], "excluded_lines": []}, "Flake8Validator": {"executed_lines": [], "summary": {"covered_lines": 0, "num_statements": 22, "percent_covered": 0.0, "percent_covered_display": "0", "missing_lines": 22, "excluded_lines": 0}, "missing_lines": [475, 479, 482, 483, 485, 486, 489, 491, 492, 500, 501, 504, 505, 506, 507, 508, 509, 510, 512, 514, 522, 523], "excluded_lines": []}, "MypyValidator": {"executed_lines": [], "summary": {"covered_lines": 0, "num_statements": 19, "percent_covered": 0.0, "percent_covered_display": "0", "missing_lines": 19, "excluded_lines": 0}, "missing_lines": [537, 541, 544, 545, 547, 548, 551, 553, 554, 562, 563, 565, 566, 567, 568, 569, 571, 579, 580], "excluded_lines": []}, "RuffValidator": {"executed_lines": [], "summary": {"covered_lines": 0, "num_statements": 27, "percent_covered": 0.0, "percent_covered_display": "0", "missing_lines": 27, "excluded_lines": 0}, "missing_lines": [594, 598, 601, 602, 605, 606, 608, 609, 613, 615, 616, 625, 626, 627, 628, 629, 631, 632, 633, 634, 635, 636, 637, 638, 640, 650, 651], "excluded_lines": []}, "IsortValidator": {"executed_lines": [], "summary": {"covered_lines": 0, "num_statements": 19, "percent_covered": 0.0, "percent_covered_display": "0", "missing_lines": 19, "excluded_lines": 0}, "missing_lines": [665, 669, 672, 675, 682, 683, 686, 688, 690, 699, 701, 705, 709, 710, 719, 733, 734, 746, 747], "excluded_lines": []}, "TaploValidator": {"executed_lines": [], "summary": {"covered_lines": 0, "num_statements": 26, "percent_covered": 0.0, "percent_covered_display": "0", "missing_lines": 26, "excluded_lines": 0}, "missing_lines": [764, 768, 771, 774, 781, 782, 785, 787, 789, 798, 800, 805, 809, 810, 820, 825, 834, 844, 845, 846, 848, 852, 853, 857, 866, 867], "excluded_lines": []}, "TerraformValidator": {"executed_lines": [], "summary": {"covered_lines": 0, "num_statements": 26, "percent_covered": 0.0, "percent_covered_display": "0", "missing_lines": 26, "excluded_lines": 0}, "missing_lines": [884, 888, 891, 894, 901, 902, 905, 907, 909, 918, 920, 925, 929, 930, 940, 945, 954, 965, 966, 967, 968, 972, 973, 977, 986, 987], "excluded_lines": []}, "BanditValidator": {"executed_lines": [], "summary": {"covered_lines": 0, "num_statements": 30, "percent_covered": 0.0, "percent_covered_display": "0", "missing_lines": 30, "excluded_lines": 0}, "missing_lines": [1001, 1005, 1008, 1009, 1011, 1012, 1016, 1019, 1020, 1028, 1029, 1030, 1031, 1032, 1033, 1035, 1036, 1037, 1038, 1039, 1041, 1042, 1043, 1045, 1047, 1048, 1049, 1051, 1061, 1062], "excluded_lines": []}, "ESLintValidator": {"executed_lines": [], "summary": {"covered_lines": 0, "num_statements": 21, "percent_covered": 0.0, "percent_covered_display": "0", "missing_lines": 21, "excluded_lines": 0}, "missing_lines": [1079, 1083, 1086, 1087, 1089, 1090, 1092, 1093, 1096, 1098, 1099, 1100, 1102, 1107, 1113, 1114, 1123, 1131, 1132, 1139, 1140], "excluded_lines": []}, "PrettierValidator": {"executed_lines": [], "summary": {"covered_lines": 0, "num_statements": 23, "percent_covered": 0.0, "percent_covered_display": "0", "missing_lines": 23, "excluded_lines": 0}, "missing_lines": [1154, 1158, 1161, 1164, 1165, 1167, 1169, 1170, 1174, 1176, 1177, 1186, 1187, 1188, 1189, 1190, 1191, 1192, 1193, 1194, 1196, 1205, 1206], "excluded_lines": []}, "ChapelValidator": {"executed_lines": [], "summary": {"covered_lines": 0, "num_statements": 20, "percent_covered": 0.0, "percent_covered_display": "0", "missing_lines": 20, "excluded_lines": 0}, "missing_lines": [1223, 1227, 1230, 1232, 1234, 1237, 1238, 1241, 1242, 1244, 1247, 1248, 1256, 1257, 1258, 1260, 1270, 1271, 1280, 1281], "excluded_lines": []}, "AnsibleLintValidator": {"executed_lines": [], "summary": {"covered_lines": 0, "num_statements": 29, "percent_covered": 0.0, "percent_covered_display": "0", "missing_lines": 29, "excluded_lines": 0}, "missing_lines": [1298, 1303, 1308, 1309, 1321, 1324, 1327, 1334, 1335, 1338, 1340, 1342, 1351, 1352, 1353, 1355, 1366, 1368, 1374, 1378, 1379, 1389, 1390, 1395, 1397, 1408, 1419, 1430, 1431], "excluded_lines": []}, "YamlLintValidator": {"executed_lines": [], "summary": {"covered_lines": 0, "num_statements": 39, "percent_covered": 0.0, "percent_covered_display": "0", "missing_lines": 39, "excluded_lines": 0}, "missing_lines": [1448, 1452, 1456, 1457, 1458, 1460, 1463, 1464, 1467, 1468, 1469, 1472, 1473, 1474, 1475, 1477, 1478, 1479, 1480, 1483, 1486, 1487, 1488, 1490, 1492, 1493, 1496, 1498, 1499, 1508, 1509, 1511, 1512, 1513, 1514, 1515, 1517, 1525, 1526], "excluded_lines": []}, "HadolintValidator": {"executed_lines": [], "summary": {"covered_lines": 0, "num_statements": 20, "percent_covered": 0.0, "percent_covered_display": "0", "missing_lines": 20, "excluded_lines": 0}, "missing_lines": [1543, 1548, 1552, 1558, 1559, 1561, 1562, 1565, 1567, 1568, 1576, 1577, 1579, 1580, 1581, 1582, 1584, 1586, 1594, 1595], "excluded_lines": []}, "ShellcheckValidator": {"executed_lines": [], "summary": {"covered_lines": 0, "num_statements": 23, "percent_covered": 0.0, "percent_covered_display": "0", "missing_lines": 23, "excluded_lines": 0}, "missing_lines": [1612, 1616, 1619, 1620, 1622, 1623, 1626, 1628, 1629, 1637, 1638, 1640, 1641, 1642, 1643, 1644, 1645, 1647, 1648, 1649, 1651, 1659, 1660], "excluded_lines": []}, "GitLabCIValidator": {"executed_lines": [], "summary": {"covered_lines": 0, "num_statements": 42, "percent_covered": 0.0, "percent_covered_display": "0", "missing_lines": 42, "excluded_lines": 0}, "missing_lines": [1674, 1678, 1682, 1683, 1685, 1686, 1687, 1691, 1692, 1695, 1696, 1699, 1702, 1704, 1708, 1711, 1714, 1715, 1718, 1719, 1720, 1721, 1723, 1724, 1725, 1727, 1739, 1740, 1741, 1742, 1743, 1745, 1746, 1756, 1757, 1760, 1762, 1764, 1773, 1774, 1783, 1784], "excluded_lines": []}, "ValidationEngine": {"executed_lines": [], "summary": {"covered_lines": 0, "num_statements": 124, "percent_covered": 0.0, "percent_covered_display": "0", "missing_lines": 124, "excluded_lines": 0}, "missing_lines": [1803, 1804, 1805, 1806, 1807, 1808, 1812, 1833, 1834, 1835, 1836, 1837, 1839, 1841, 1845, 1846, 1847, 1848, 1849, 1850, 1851, 1855, 1858, 1859, 1860, 1862, 1871, 1874, 1876, 1877, 1878, 1879, 1880, 1881, 1882, 1884, 1885, 1888, 1895, 1898, 1901, 1902, 1903, 1905, 1906, 1907, 1910, 1911, 1912, 1913, 1915, 1924, 1926, 1927, 1929, 1930, 1932, 1933, 1934, 1935, 1936, 1938, 1939, 1940, 1941, 1943, 1947, 1949, 1955, 1956, 1957, 1960, 1961, 1962, 1963, 1964, 1965, 1966, 1969, 1970, 1971, 1972, 1973, 1974, 1975, 1977, 1978, 1979, 1980, 1981, 1982, 1983, 1984, 1986, 1988, 1989, 1990, 1994, 2006, 2008, 2009, 2010, 2011, 2013, 2017, 2018, 2019, 2020, 2021, 2023, 2024, 2025, 2026, 2027, 2028, 2029, 2030, 2031, 2032, 2034, 2035, 2036, 2037, 2039], "excluded_lines": []}, "": {"executed_lines": [2, 8, 9, 10, 11, 12, 13, 14, 15, 16, 17, 18, 21, 25, 28, 29, 30, 32, 33, 34, 35, 36, 37, 38, 39, 41, 54, 55, 58, 59, 63, 64, 66, 69, 70, 71, 74, 75, 76, 79, 80, 84, 116, 138, 147, 163, 183, 216, 236, 249, 261, 281, 311, 312, 315, 323, 324, 326, 327, 330, 331, 334, 375, 376, 378, 379, 382, 383, 386, 470, 471, 473, 474, 477, 478, 481, 532, 533, 535, 536, 539, 540, 543, 589, 590, 592, 593, 596, 597, 600, 660, 661, 663, 664, 667, 668, 671, 759, 760, 762, 763, 766, 767, 770, 879, 880, 882, 883, 886, 887, 890, 996, 997, 999, 1000, 1003, 1004, 1007, 1074, 1075, 1077, 1078, 1081, 1082, 1085, 1149, 1150, 1152, 1153, 1156, 1157, 1160, 1218, 1219, 1221, 1222, 1225, 1226, 1229, 1293, 1294, 1296, 1297, 1300, 1301, 1305, 1323, 1443, 1444, 1446, 1447, 1450, 1451, 1454, 1482, 1538, 1539, 1541, 1542, 1545, 1546, 1550, 1557, 1607, 1608, 1610, 1611, 1614, 1615, 1618, 1669, 1670, 1672, 1673, 1676, 1677, 1680, 1689, 1706, 1793, 1794, 1796, 1810, 1843, 1853, 1864, 1917, 1945, 1992, 2015, 2053, 2145], "summary": {"covered_lines": 171, "num_statements": 220, "percent_covered": 77.72727272727273, "percent_covered_display": "78", "missing_lines": 49, "excluded_lines": 0}, "missing_lines": [2055, 2057, 2058, 2061, 2064, 2067, 2068, 2072, 2075, 2080, 2081, 2083, 2086, 2087, 2089, 2090, 2091, 2092, 2094, 2097, 2100, 2101, 2108, 2111, 2112, 2113, 2114, 2115, 2116, 2117, 2118, 2119, 2120, 2122, 2123, 2124, 2125, 2126, 2127, 2128, 2129, 2130, 2134, 2135, 2136, 2138, 2139, 2142, 2146], "excluded_lines": []}}}}, "totals": {"covered_lines": 918, "num_statements": 4064, "percent_covered": 22.588582677165356, "percent_covered_display": "23", "missing_lines": 3146, "excluded_lines": 4}}